This is pdfTeX, Version 3.14159265-2.6-1.40.16 (TeX Live 2015/Debian) (preloaded format=pdflatex 2018.5.22)  3 JUL 2018 21:29
entering extended mode
 \write18 enabled.
 %&-line parsing enabled.
**example.tex
(./example.tex
LaTeX2e <2016/02/01>
Babel <3.9q> and hyphenation patterns for 4 language(s) loaded.
(/usr/share/texlive/texmf-dist/tex/latex/base/report.cls
Document Class: report 2014/09/29 v1.4h Standard LaTeX document class
(/usr/share/texlive/texmf-dist/tex/latex/base/size11.clo
File: size11.clo 2014/09/29 v1.4h Standard LaTeX file (size option)
)
\c@part=\count79
\c@chapter=\count80
\c@section=\count81
\c@subsection=\count82
\c@subsubsection=\count83
\c@paragraph=\count84
\c@subparagraph=\count85
\c@figure=\count86
\c@table=\count87
\abovecaptionskip=\skip41
\belowcaptionskip=\skip42
\bibindent=\dimen102
) (./uaThesis.sty
Package: uaThesis 2012/05/20 v0.7 UA thesis

(/usr/share/texlive/texmf-dist/tex/latex/graphics/graphicx.sty
Package: graphicx 2014/10/28 v1.0g Enhanced LaTeX Graphics (DPC,SPQR)

(/usr/share/texlive/texmf-dist/tex/latex/graphics/keyval.sty
Package: keyval 2014/10/28 v1.15 key=value parser (DPC)
\KV@toks@=\toks14
)
(/usr/share/texlive/texmf-dist/tex/latex/graphics/graphics.sty
Package: graphics 2016/01/03 v1.0q Standard LaTeX Graphics (DPC,SPQR)

(/usr/share/texlive/texmf-dist/tex/latex/graphics/trig.sty
Package: trig 2016/01/03 v1.10 sin cos tan (DPC)
)
(/usr/share/texlive/texmf-dist/tex/latex/latexconfig/graphics.cfg
File: graphics.cfg 2010/04/23 v1.9 graphics configuration of TeX Live
)
Package graphics Info: Driver file: pdftex.def on input line 95.

(/usr/share/texlive/texmf-dist/tex/latex/pdftex-def/pdftex.def
File: pdftex.def 2011/05/27 v0.06d Graphics/color for pdfTeX

(/usr/share/texlive/texmf-dist/tex/generic/oberdiek/infwarerr.sty
Package: infwarerr 2010/04/08 v1.3 Providing info/warning/error messages (HO)
)
(/usr/share/texlive/texmf-dist/tex/generic/oberdiek/ltxcmds.sty
Package: ltxcmds 2011/11/09 v1.22 LaTeX kernel commands for general use (HO)
)
\Gread@gobject=\count88
))
\Gin@req@height=\dimen103
\Gin@req@width=\dimen104
)
(/usr/share/texlive/texmf-dist/tex/latex/graphics/color.sty
Package: color 2016/01/03 v1.1b Standard LaTeX Color (DPC)

(/usr/share/texlive/texmf-dist/tex/latex/latexconfig/color.cfg
File: color.cfg 2007/01/18 v1.5 color configuration of teTeX/TeXLive
)
Package color Info: Driver file: pdftex.def on input line 143.
) (./a4wide.sty
Package: a4wide 1994/08/30

(/usr/share/texlive/texmf-dist/tex/latex/ntgclass/a4.sty
Package: a4 2004/04/15 v1.2g A4 based page layout
)))
(/usr/share/texlive/texmf-dist/tex/generic/babel/babel.sty
Package: babel 2016/02/24 3.9q The Babel package

(/usr/share/texlive/texmf-dist/tex/generic/babel-portuges/portuges.ldf
Language: portuges 2008/03/18 v1.2q Portuguese support from the babel system

(/usr/share/texlive/texmf-dist/tex/generic/babel/babel.def
File: babel.def 2016/02/24 3.9q Babel common definitions
\babel@savecnt=\count89
\U@D=\dimen105
)
Package babel Info: Making " an active character on input line 145.
))
(/usr/share/texlive/texmf-dist/tex/latex/hyperref/hyperref.sty
Package: hyperref 2012/11/06 v6.83m Hypertext links for LaTeX

(/usr/share/texlive/texmf-dist/tex/generic/oberdiek/hobsub-hyperref.sty
Package: hobsub-hyperref 2012/05/28 v1.13 Bundle oberdiek, subset hyperref (HO)


(/usr/share/texlive/texmf-dist/tex/generic/oberdiek/hobsub-generic.sty
Package: hobsub-generic 2012/05/28 v1.13 Bundle oberdiek, subset generic (HO)
Package: hobsub 2012/05/28 v1.13 Construct package bundles (HO)
Package hobsub Info: Skipping package `infwarerr' (already loaded).
Package hobsub Info: Skipping package `ltxcmds' (already loaded).
Package: ifluatex 2010/03/01 v1.3 Provides the ifluatex switch (HO)
Package ifluatex Info: LuaTeX not detected.
Package: ifvtex 2010/03/01 v1.5 Detect VTeX and its facilities (HO)
Package ifvtex Info: VTeX not detected.
Package: intcalc 2007/09/27 v1.1 Expandable calculations with integers (HO)
Package: ifpdf 2011/01/30 v2.3 Provides the ifpdf switch (HO)
Package ifpdf Info: pdfTeX in PDF mode is detected.
Package: etexcmds 2011/02/16 v1.5 Avoid name clashes with e-TeX commands (HO)
Package etexcmds Info: Could not find \expanded.
(etexcmds)             That can mean that you are not using pdfTeX 1.50 or
(etexcmds)             that some package has redefined \expanded.
(etexcmds)             In the latter case, load this package earlier.
Package: kvsetkeys 2012/04/25 v1.16 Key value parser (HO)
Package: kvdefinekeys 2011/04/07 v1.3 Define keys (HO)
Package: pdftexcmds 2011/11/29 v0.20 Utility functions of pdfTeX for LuaTeX (HO
)
Package pdftexcmds Info: LuaTeX not detected.
Package pdftexcmds Info: \pdf@primitive is available.
Package pdftexcmds Info: \pdf@ifprimitive is available.
Package pdftexcmds Info: \pdfdraftmode found.
Package: pdfescape 2011/11/25 v1.13 Implements pdfTeX's escape features (HO)
Package: bigintcalc 2012/04/08 v1.3 Expandable calculations on big integers (HO
)
Package: bitset 2011/01/30 v1.1 Handle bit-vector datatype (HO)
Package: uniquecounter 2011/01/30 v1.2 Provide unlimited unique counter (HO)
)
Package hobsub Info: Skipping package `hobsub' (already loaded).
Package: letltxmacro 2010/09/02 v1.4 Let assignment for LaTeX macros (HO)
Package: hopatch 2012/05/28 v1.2 Wrapper for package hooks (HO)
Package: xcolor-patch 2011/01/30 xcolor patch
Package: atveryend 2011/06/30 v1.8 Hooks at the very end of document (HO)
Package atveryend Info: \enddocument detected (standard20110627).
Package: atbegshi 2011/10/05 v1.16 At begin shipout hook (HO)
Package: refcount 2011/10/16 v3.4 Data extraction from label references (HO)
Package: hycolor 2011/01/30 v1.7 Color options for hyperref/bookmark (HO)
)
(/usr/share/texlive/texmf-dist/tex/generic/ifxetex/ifxetex.sty
Package: ifxetex 2010/09/12 v0.6 Provides ifxetex conditional
)
(/usr/share/texlive/texmf-dist/tex/latex/oberdiek/auxhook.sty
Package: auxhook 2011/03/04 v1.3 Hooks for auxiliary files (HO)
)
(/usr/share/texlive/texmf-dist/tex/latex/oberdiek/kvoptions.sty
Package: kvoptions 2011/06/30 v3.11 Key value format for package options (HO)
)
\@linkdim=\dimen106
\Hy@linkcounter=\count90
\Hy@pagecounter=\count91

(/usr/share/texlive/texmf-dist/tex/latex/hyperref/pd1enc.def
File: pd1enc.def 2012/11/06 v6.83m Hyperref: PDFDocEncoding definition (HO)
)
\Hy@SavedSpaceFactor=\count92

(/usr/share/texlive/texmf-dist/tex/latex/latexconfig/hyperref.cfg
File: hyperref.cfg 2002/06/06 v1.2 hyperref configuration of TeXLive
)
Package hyperref Info: Hyper figures OFF on input line 4443.
Package hyperref Info: Link nesting OFF on input line 4448.
Package hyperref Info: Hyper index ON on input line 4451.
Package hyperref Info: Plain pages OFF on input line 4458.
Package hyperref Info: Backreferencing OFF on input line 4463.
Package hyperref Info: Implicit mode ON; LaTeX internals redefined.
Package hyperref Info: Bookmarks ON on input line 4688.
\c@Hy@tempcnt=\count93

(/usr/share/texlive/texmf-dist/tex/latex/url/url.sty
\Urlmuskip=\muskip10
Package: url 2013/09/16  ver 3.4  Verb mode for urls, etc.
)
LaTeX Info: Redefining \url on input line 5041.
\XeTeXLinkMargin=\dimen107
\Fld@menulength=\count94
\Field@Width=\dimen108
\Fld@charsize=\dimen109
Package hyperref Info: Hyper figures OFF on input line 6295.
Package hyperref Info: Link nesting OFF on input line 6300.
Package hyperref Info: Hyper index ON on input line 6303.
Package hyperref Info: backreferencing OFF on input line 6310.
Package hyperref Info: Link coloring OFF on input line 6315.
Package hyperref Info: Link coloring with OCG OFF on input line 6320.
Package hyperref Info: PDF/A mode OFF on input line 6325.
LaTeX Info: Redefining \ref on input line 6365.
LaTeX Info: Redefining \pageref on input line 6369.
\Hy@abspage=\count95
\c@Item=\count96
\c@Hfootnote=\count97
)

Package hyperref Message: Driver (autodetected): hpdftex.

(/usr/share/texlive/texmf-dist/tex/latex/hyperref/hpdftex.def
File: hpdftex.def 2012/11/06 v6.83m Hyperref driver for pdfTeX
\Fld@listcount=\count98
\c@bookmark@seq@number=\count99

(/usr/share/texlive/texmf-dist/tex/latex/oberdiek/rerunfilecheck.sty
Package: rerunfilecheck 2011/04/15 v1.7 Rerun checks for auxiliary files (HO)
Package uniquecounter Info: New unique counter `rerunfilecheck' on input line 2
82.
)
\Hy@SectionHShift=\skip43
)
(/usr/share/texlive/texmf-dist/tex/latex/oberdiek/bookmark.sty
Package: bookmark 2011/12/02 v1.24 PDF bookmarks (HO)

(/usr/share/texlive/texmf-dist/tex/latex/oberdiek/bkm-pdftex.def
File: bkm-pdftex.def 2011/12/02 v1.24 bookmark driver for pdfTeX (HO)
\BKM@id=\count100
))
(/usr/share/texlive/texmf-dist/tex/latex/amsmath/amsmath.sty
Package: amsmath 2016/03/03 v2.15a AMS math features
\@mathmargin=\skip44

For additional information on amsmath, use the `?' option.
(/usr/share/texlive/texmf-dist/tex/latex/amsmath/amstext.sty
Package: amstext 2000/06/29 v2.01 AMS text

(/usr/share/texlive/texmf-dist/tex/latex/amsmath/amsgen.sty
File: amsgen.sty 1999/11/30 v2.0 generic functions
\@emptytoks=\toks15
\ex@=\dimen110
))
(/usr/share/texlive/texmf-dist/tex/latex/amsmath/amsbsy.sty
Package: amsbsy 1999/11/29 v1.2d Bold Symbols
\pmbraise@=\dimen111
)
(/usr/share/texlive/texmf-dist/tex/latex/amsmath/amsopn.sty
Package: amsopn 1999/12/14 v2.01 operator names
)
\inf@bad=\count101
LaTeX Info: Redefining \frac on input line 199.
\uproot@=\count102
\leftroot@=\count103
LaTeX Info: Redefining \overline on input line 297.
\classnum@=\count104
\DOTSCASE@=\count105
LaTeX Info: Redefining \ldots on input line 394.
LaTeX Info: Redefining \dots on input line 397.
LaTeX Info: Redefining \cdots on input line 518.
\Mathstrutbox@=\box26
\strutbox@=\box27
\big@size=\dimen112
LaTeX Font Info:    Redeclaring font encoding OML on input line 630.
LaTeX Font Info:    Redeclaring font encoding OMS on input line 631.
\macc@depth=\count106
\c@MaxMatrixCols=\count107
\dotsspace@=\muskip11
\c@parentequation=\count108
\dspbrk@lvl=\count109
\tag@help=\toks16
\row@=\count110
\column@=\count111
\maxfields@=\count112
\andhelp@=\toks17
\eqnshift@=\dimen113
\alignsep@=\dimen114
\tagshift@=\dimen115
\tagwidth@=\dimen116
\totwidth@=\dimen117
\lineht@=\dimen118
\@envbody=\toks18
\multlinegap=\skip45
\multlinetaggap=\skip46
\mathdisplay@stack=\toks19
LaTeX Info: Redefining \[ on input line 2735.
LaTeX Info: Redefining \] on input line 2736.
)
(/usr/share/texlive/texmf-dist/tex/latex/amsfonts/amssymb.sty
Package: amssymb 2013/01/14 v3.01 AMS font symbols

(/usr/share/texlive/texmf-dist/tex/latex/amsfonts/amsfonts.sty
Package: amsfonts 2013/01/14 v3.01 Basic AMSFonts support
\symAMSa=\mathgroup4
\symAMSb=\mathgroup5
LaTeX Font Info:    Overwriting math alphabet `\mathfrak' in version `bold'
(Font)                  U/euf/m/n --> U/euf/b/n on input line 106.
))
(/usr/share/texlive/texmf-dist/tex/latex/tools/xspace.sty
Package: xspace 2014/10/28 v1.13 Space after command names (DPC,MH)
)
(/usr/share/texlive/texmf-dist/tex/latex/mathtools/mathtools.sty
Package: mathtools 2015/11/12 v1.18 mathematical typesetting tools

(/usr/share/texlive/texmf-dist/tex/latex/tools/calc.sty
Package: calc 2014/10/28 v4.3 Infix arithmetic (KKT,FJ)
\calc@Acount=\count113
\calc@Bcount=\count114
\calc@Adimen=\dimen119
\calc@Bdimen=\dimen120
\calc@Askip=\skip47
\calc@Bskip=\skip48
LaTeX Info: Redefining \setlength on input line 80.
LaTeX Info: Redefining \addtolength on input line 81.
\calc@Ccount=\count115
\calc@Cskip=\skip49
)
(/usr/share/texlive/texmf-dist/tex/latex/mathtools/mhsetup.sty
Package: mhsetup 2010/01/21 v1.2a programming setup (MH)
)
LaTeX Info: Thecontrolsequence`\('isalreadyrobust on input line 129.
LaTeX Info: Thecontrolsequence`\)'isalreadyrobust on input line 129.
LaTeX Info: Thecontrolsequence`\['isalreadyrobust on input line 129.
LaTeX Info: Thecontrolsequence`\]'isalreadyrobust on input line 129.
\g_MT_multlinerow_int=\count116
\l_MT_multwidth_dim=\dimen121
\origjot=\skip50
\l_MT_shortvdotswithinadjustabove_dim=\dimen122
\l_MT_shortvdotswithinadjustbelow_dim=\dimen123
\l_MT_above_intertext_sep=\dimen124
\l_MT_below_intertext_sep=\dimen125
\l_MT_above_shortintertext_sep=\dimen126
\l_MT_below_shortintertext_sep=\dimen127
)
(/usr/share/texlive/texmf-dist/tex/latex/caption/subcaption.sty
Package: subcaption 2016/02/20 v1.1-142 Sub-captions (AR)

(/usr/share/texlive/texmf-dist/tex/latex/caption/caption.sty
Package: caption 2016/02/21 v3.3-144 Customizing captions (AR)

(/usr/share/texlive/texmf-dist/tex/latex/caption/caption3.sty
Package: caption3 2016/02/04 v1.7-139 caption3 kernel (AR)
Package caption3 Info: TeX engine: e-TeX on input line 67.
\captionmargin=\dimen128
\captionmargin@=\dimen129
\captionwidth=\dimen130
\caption@tempdima=\dimen131
\caption@indent=\dimen132
\caption@parindent=\dimen133
\caption@hangindent=\dimen134
)
\c@ContinuedFloat=\count117
Package caption Info: hyperref package is loaded.
)
\c@subfigure=\count118
\c@subtable=\count119
)
(/usr/share/texlive/texmf-dist/tex/latex/float/float.sty
Package: float 2001/11/08 v1.3d Float enhancements (AL)
\c@float@type=\count120
\float@exts=\toks20
\float@box=\box28
\@float@everytoks=\toks21
\@floatcapt=\box29
)
(/usr/share/texlive/texmf-dist/tex/latex/listings/listings.sty
\lst@mode=\count121
\lst@gtempboxa=\box30
\lst@token=\toks22
\lst@length=\count122
\lst@currlwidth=\dimen135
\lst@column=\count123
\lst@pos=\count124
\lst@lostspace=\dimen136
\lst@width=\dimen137
\lst@newlines=\count125
\lst@lineno=\count126
\lst@maxwidth=\dimen138

(/usr/share/texlive/texmf-dist/tex/latex/listings/lstmisc.sty
File: lstmisc.sty 2015/06/04 1.6 (Carsten Heinz)
\c@lstnumber=\count127
\lst@skipnumbers=\count128
\lst@framebox=\box31
)
(/usr/share/texlive/texmf-dist/tex/latex/listings/listings.cfg
File: listings.cfg 2015/06/04 1.6 listings configuration
))
Package: listings 2015/06/04 1.6 (Carsten Heinz)

(/usr/share/texlive/texmf-dist/tex/latex/psnfss/courier.sty
Package: courier 2005/04/12 PSNFSS-v9.2a (WaS) 
)
(/usr/share/texlive/texmf-dist/tex/latex/enumitem/enumitem.sty
Package: enumitem 2011/09/28 v3.5.2 Customized lists
\labelindent=\skip51
\enit@outerparindent=\dimen139
\enit@toks=\toks23
\enit@inbox=\box32
\enitdp@description=\count129
)
(/usr/share/texlive/texmf-dist/tex/latex/makecell/makecell.sty
Package: makecell 2009/08/03 V0.1e Managing of Tab Column Heads and Cells

(/usr/share/texlive/texmf-dist/tex/latex/tools/array.sty
Package: array 2014/10/28 v2.4c Tabular extension package (FMi)
\col@sep=\dimen140
\extrarowheight=\dimen141
\NC@list=\toks24
\extratabsurround=\skip52
\backup@length=\skip53
)
\rotheadsize=\dimen142
\c@nlinenum=\count130
\TeXr@lab=\toks25
)
(/usr/share/texlive/texmf-dist/tex/latex/oberdiek/pdflscape.sty
Package: pdflscape 2008/08/11 v0.10 Display of landscape pages in PDF (HO)

(/usr/share/texlive/texmf-dist/tex/latex/graphics/lscape.sty
Package: lscape 2000/10/22 v3.01 Landscape Pages (DPC)
)
Package pdflscape Info: Auto-detected driver: pdftex on input line 80.
)
(/usr/share/texlive/texmf-dist/tex/latex/appendix/appendix.sty
Package: appendix 2009/09/02 v1.2b extra appendix facilities
\c@@pps=\count131
\c@@ppsavesec=\count132
\c@@ppsaveapp=\count133
)
(/usr/share/texlive/texmf-dist/tex/latex/base/inputenc.sty
Package: inputenc 2015/03/17 v1.2c Input encoding file
\inpenc@prehook=\toks26
\inpenc@posthook=\toks27

(/usr/share/texlive/texmf-dist/tex/latex/base/utf8.def
File: utf8.def 2015/12/03 v1.1r UTF-8 support for inputenc
Now handling font encoding OML ...
... no UTF-8 mapping file for font encoding OML
Now handling font encoding T1 ...
... processing UTF-8 mapping file for font encoding T1

(/usr/share/texlive/texmf-dist/tex/latex/base/t1enc.dfu
File: t1enc.dfu 2015/12/03 v1.1r UTF-8 support for inputenc
   defining Unicode char U+00A0 (decimal 160)
   defining Unicode char U+00A1 (decimal 161)
   defining Unicode char U+00A3 (decimal 163)
   defining Unicode char U+00AB (decimal 171)
   defining Unicode char U+00AD (decimal 173)
   defining Unicode char U+00BB (decimal 187)
   defining Unicode char U+00BF (decimal 191)
   defining Unicode char U+00C0 (decimal 192)
   defining Unicode char U+00C1 (decimal 193)
   defining Unicode char U+00C2 (decimal 194)
   defining Unicode char U+00C3 (decimal 195)
   defining Unicode char U+00C4 (decimal 196)
   defining Unicode char U+00C5 (decimal 197)
   defining Unicode char U+00C6 (decimal 198)
   defining Unicode char U+00C7 (decimal 199)
   defining Unicode char U+00C8 (decimal 200)
   defining Unicode char U+00C9 (decimal 201)
   defining Unicode char U+00CA (decimal 202)
   defining Unicode char U+00CB (decimal 203)
   defining Unicode char U+00CC (decimal 204)
   defining Unicode char U+00CD (decimal 205)
   defining Unicode char U+00CE (decimal 206)
   defining Unicode char U+00CF (decimal 207)
   defining Unicode char U+00D0 (decimal 208)
   defining Unicode char U+00D1 (decimal 209)
   defining Unicode char U+00D2 (decimal 210)
   defining Unicode char U+00D3 (decimal 211)
   defining Unicode char U+00D4 (decimal 212)
   defining Unicode char U+00D5 (decimal 213)
   defining Unicode char U+00D6 (decimal 214)
   defining Unicode char U+00D8 (decimal 216)
   defining Unicode char U+00D9 (decimal 217)
   defining Unicode char U+00DA (decimal 218)
   defining Unicode char U+00DB (decimal 219)
   defining Unicode char U+00DC (decimal 220)
   defining Unicode char U+00DD (decimal 221)
   defining Unicode char U+00DE (decimal 222)
   defining Unicode char U+00DF (decimal 223)
   defining Unicode char U+00E0 (decimal 224)
   defining Unicode char U+00E1 (decimal 225)
   defining Unicode char U+00E2 (decimal 226)
   defining Unicode char U+00E3 (decimal 227)
   defining Unicode char U+00E4 (decimal 228)
   defining Unicode char U+00E5 (decimal 229)
   defining Unicode char U+00E6 (decimal 230)
   defining Unicode char U+00E7 (decimal 231)
   defining Unicode char U+00E8 (decimal 232)
   defining Unicode char U+00E9 (decimal 233)
   defining Unicode char U+00EA (decimal 234)
   defining Unicode char U+00EB (decimal 235)
   defining Unicode char U+00EC (decimal 236)
   defining Unicode char U+00ED (decimal 237)
   defining Unicode char U+00EE (decimal 238)
   defining Unicode char U+00EF (decimal 239)
   defining Unicode char U+00F0 (decimal 240)
   defining Unicode char U+00F1 (decimal 241)
   defining Unicode char U+00F2 (decimal 242)
   defining Unicode char U+00F3 (decimal 243)
   defining Unicode char U+00F4 (decimal 244)
   defining Unicode char U+00F5 (decimal 245)
   defining Unicode char U+00F6 (decimal 246)
   defining Unicode char U+00F8 (decimal 248)
   defining Unicode char U+00F9 (decimal 249)
   defining Unicode char U+00FA (decimal 250)
   defining Unicode char U+00FB (decimal 251)
   defining Unicode char U+00FC (decimal 252)
   defining Unicode char U+00FD (decimal 253)
   defining Unicode char U+00FE (decimal 254)
   defining Unicode char U+00FF (decimal 255)
   defining Unicode char U+0100 (decimal 256)
   defining Unicode char U+0101 (decimal 257)
   defining Unicode char U+0102 (decimal 258)
   defining Unicode char U+0103 (decimal 259)
   defining Unicode char U+0104 (decimal 260)
   defining Unicode char U+0105 (decimal 261)
   defining Unicode char U+0106 (decimal 262)
   defining Unicode char U+0107 (decimal 263)
   defining Unicode char U+0108 (decimal 264)
   defining Unicode char U+0109 (decimal 265)
   defining Unicode char U+010A (decimal 266)
   defining Unicode char U+010B (decimal 267)
   defining Unicode char U+010C (decimal 268)
   defining Unicode char U+010D (decimal 269)
   defining Unicode char U+010E (decimal 270)
   defining Unicode char U+010F (decimal 271)
   defining Unicode char U+0110 (decimal 272)
   defining Unicode char U+0111 (decimal 273)
   defining Unicode char U+0112 (decimal 274)
   defining Unicode char U+0113 (decimal 275)
   defining Unicode char U+0114 (decimal 276)
   defining Unicode char U+0115 (decimal 277)
   defining Unicode char U+0116 (decimal 278)
   defining Unicode char U+0117 (decimal 279)
   defining Unicode char U+0118 (decimal 280)
   defining Unicode char U+0119 (decimal 281)
   defining Unicode char U+011A (decimal 282)
   defining Unicode char U+011B (decimal 283)
   defining Unicode char U+011C (decimal 284)
   defining Unicode char U+011D (decimal 285)
   defining Unicode char U+011E (decimal 286)
   defining Unicode char U+011F (decimal 287)
   defining Unicode char U+0120 (decimal 288)
   defining Unicode char U+0121 (decimal 289)
   defining Unicode char U+0122 (decimal 290)
   defining Unicode char U+0123 (decimal 291)
   defining Unicode char U+0124 (decimal 292)
   defining Unicode char U+0125 (decimal 293)
   defining Unicode char U+0128 (decimal 296)
   defining Unicode char U+0129 (decimal 297)
   defining Unicode char U+012A (decimal 298)
   defining Unicode char U+012B (decimal 299)
   defining Unicode char U+012C (decimal 300)
   defining Unicode char U+012D (decimal 301)
   defining Unicode char U+012E (decimal 302)
   defining Unicode char U+012F (decimal 303)
   defining Unicode char U+0130 (decimal 304)
   defining Unicode char U+0131 (decimal 305)
   defining Unicode char U+0132 (decimal 306)
   defining Unicode char U+0133 (decimal 307)
   defining Unicode char U+0134 (decimal 308)
   defining Unicode char U+0135 (decimal 309)
   defining Unicode char U+0136 (decimal 310)
   defining Unicode char U+0137 (decimal 311)
   defining Unicode char U+0139 (decimal 313)
   defining Unicode char U+013A (decimal 314)
   defining Unicode char U+013B (decimal 315)
   defining Unicode char U+013C (decimal 316)
   defining Unicode char U+013D (decimal 317)
   defining Unicode char U+013E (decimal 318)
   defining Unicode char U+0141 (decimal 321)
   defining Unicode char U+0142 (decimal 322)
   defining Unicode char U+0143 (decimal 323)
   defining Unicode char U+0144 (decimal 324)
   defining Unicode char U+0145 (decimal 325)
   defining Unicode char U+0146 (decimal 326)
   defining Unicode char U+0147 (decimal 327)
   defining Unicode char U+0148 (decimal 328)
   defining Unicode char U+014A (decimal 330)
   defining Unicode char U+014B (decimal 331)
   defining Unicode char U+014C (decimal 332)
   defining Unicode char U+014D (decimal 333)
   defining Unicode char U+014E (decimal 334)
   defining Unicode char U+014F (decimal 335)
   defining Unicode char U+0150 (decimal 336)
   defining Unicode char U+0151 (decimal 337)
   defining Unicode char U+0152 (decimal 338)
   defining Unicode char U+0153 (decimal 339)
   defining Unicode char U+0154 (decimal 340)
   defining Unicode char U+0155 (decimal 341)
   defining Unicode char U+0156 (decimal 342)
   defining Unicode char U+0157 (decimal 343)
   defining Unicode char U+0158 (decimal 344)
   defining Unicode char U+0159 (decimal 345)
   defining Unicode char U+015A (decimal 346)
   defining Unicode char U+015B (decimal 347)
   defining Unicode char U+015C (decimal 348)
   defining Unicode char U+015D (decimal 349)
   defining Unicode char U+015E (decimal 350)
   defining Unicode char U+015F (decimal 351)
   defining Unicode char U+0160 (decimal 352)
   defining Unicode char U+0161 (decimal 353)
   defining Unicode char U+0162 (decimal 354)
   defining Unicode char U+0163 (decimal 355)
   defining Unicode char U+0164 (decimal 356)
   defining Unicode char U+0165 (decimal 357)
   defining Unicode char U+0168 (decimal 360)
   defining Unicode char U+0169 (decimal 361)
   defining Unicode char U+016A (decimal 362)
   defining Unicode char U+016B (decimal 363)
   defining Unicode char U+016C (decimal 364)
   defining Unicode char U+016D (decimal 365)
   defining Unicode char U+016E (decimal 366)
   defining Unicode char U+016F (decimal 367)
   defining Unicode char U+0170 (decimal 368)
   defining Unicode char U+0171 (decimal 369)
   defining Unicode char U+0172 (decimal 370)
   defining Unicode char U+0173 (decimal 371)
   defining Unicode char U+0174 (decimal 372)
   defining Unicode char U+0175 (decimal 373)
   defining Unicode char U+0176 (decimal 374)
   defining Unicode char U+0177 (decimal 375)
   defining Unicode char U+0178 (decimal 376)
   defining Unicode char U+0179 (decimal 377)
   defining Unicode char U+017A (decimal 378)
   defining Unicode char U+017B (decimal 379)
   defining Unicode char U+017C (decimal 380)
   defining Unicode char U+017D (decimal 381)
   defining Unicode char U+017E (decimal 382)
   defining Unicode char U+01CD (decimal 461)
   defining Unicode char U+01CE (decimal 462)
   defining Unicode char U+01CF (decimal 463)
   defining Unicode char U+01D0 (decimal 464)
   defining Unicode char U+01D1 (decimal 465)
   defining Unicode char U+01D2 (decimal 466)
   defining Unicode char U+01D3 (decimal 467)
   defining Unicode char U+01D4 (decimal 468)
   defining Unicode char U+01E2 (decimal 482)
   defining Unicode char U+01E3 (decimal 483)
   defining Unicode char U+01E6 (decimal 486)
   defining Unicode char U+01E7 (decimal 487)
   defining Unicode char U+01E8 (decimal 488)
   defining Unicode char U+01E9 (decimal 489)
   defining Unicode char U+01EA (decimal 490)
   defining Unicode char U+01EB (decimal 491)
   defining Unicode char U+01F0 (decimal 496)
   defining Unicode char U+01F4 (decimal 500)
   defining Unicode char U+01F5 (decimal 501)
   defining Unicode char U+0218 (decimal 536)
   defining Unicode char U+0219 (decimal 537)
   defining Unicode char U+021A (decimal 538)
   defining Unicode char U+021B (decimal 539)
   defining Unicode char U+01E02 (decimal 7682)
   defining Unicode char U+01E03 (decimal 7683)
   defining Unicode char U+200C (decimal 8204)
   defining Unicode char U+2013 (decimal 8211)
   defining Unicode char U+2014 (decimal 8212)
   defining Unicode char U+2018 (decimal 8216)
   defining Unicode char U+2019 (decimal 8217)
   defining Unicode char U+201A (decimal 8218)
   defining Unicode char U+201C (decimal 8220)
   defining Unicode char U+201D (decimal 8221)
   defining Unicode char U+201E (decimal 8222)
   defining Unicode char U+2030 (decimal 8240)
   defining Unicode char U+2031 (decimal 8241)
   defining Unicode char U+2039 (decimal 8249)
   defining Unicode char U+203A (decimal 8250)
   defining Unicode char U+2423 (decimal 9251)
)
Now handling font encoding OT1 ...
... processing UTF-8 mapping file for font encoding OT1

(/usr/share/texlive/texmf-dist/tex/latex/base/ot1enc.dfu
File: ot1enc.dfu 2015/12/03 v1.1r UTF-8 support for inputenc
   defining Unicode char U+00A0 (decimal 160)
   defining Unicode char U+00A1 (decimal 161)
   defining Unicode char U+00A3 (decimal 163)
   defining Unicode char U+00AD (decimal 173)
   defining Unicode char U+00B8 (decimal 184)
   defining Unicode char U+00BF (decimal 191)
   defining Unicode char U+00C5 (decimal 197)
   defining Unicode char U+00C6 (decimal 198)
   defining Unicode char U+00D8 (decimal 216)
   defining Unicode char U+00DF (decimal 223)
   defining Unicode char U+00E6 (decimal 230)
   defining Unicode char U+00EC (decimal 236)
   defining Unicode char U+00ED (decimal 237)
   defining Unicode char U+00EE (decimal 238)
   defining Unicode char U+00EF (decimal 239)
   defining Unicode char U+00F8 (decimal 248)
   defining Unicode char U+0131 (decimal 305)
   defining Unicode char U+0141 (decimal 321)
   defining Unicode char U+0142 (decimal 322)
   defining Unicode char U+0152 (decimal 338)
   defining Unicode char U+0153 (decimal 339)
   defining Unicode char U+0174 (decimal 372)
   defining Unicode char U+0175 (decimal 373)
   defining Unicode char U+0176 (decimal 374)
   defining Unicode char U+0177 (decimal 375)
   defining Unicode char U+0218 (decimal 536)
   defining Unicode char U+0219 (decimal 537)
   defining Unicode char U+021A (decimal 538)
   defining Unicode char U+021B (decimal 539)
   defining Unicode char U+2013 (decimal 8211)
   defining Unicode char U+2014 (decimal 8212)
   defining Unicode char U+2018 (decimal 8216)
   defining Unicode char U+2019 (decimal 8217)
   defining Unicode char U+201C (decimal 8220)
   defining Unicode char U+201D (decimal 8221)
)
Now handling font encoding OMS ...
... processing UTF-8 mapping file for font encoding OMS

(/usr/share/texlive/texmf-dist/tex/latex/base/omsenc.dfu
File: omsenc.dfu 2015/12/03 v1.1r UTF-8 support for inputenc
   defining Unicode char U+00A7 (decimal 167)
   defining Unicode char U+00B6 (decimal 182)
   defining Unicode char U+00B7 (decimal 183)
   defining Unicode char U+2020 (decimal 8224)
   defining Unicode char U+2021 (decimal 8225)
   defining Unicode char U+2022 (decimal 8226)
)
Now handling font encoding OMX ...
... no UTF-8 mapping file for font encoding OMX
Now handling font encoding U ...
... no UTF-8 mapping file for font encoding U
Now handling font encoding PD1 ...
... no UTF-8 mapping file for font encoding PD1
   defining Unicode char U+00A9 (decimal 169)
   defining Unicode char U+00AA (decimal 170)
   defining Unicode char U+00AE (decimal 174)
   defining Unicode char U+00BA (decimal 186)
   defining Unicode char U+02C6 (decimal 710)
   defining Unicode char U+02DC (decimal 732)
   defining Unicode char U+200C (decimal 8204)
   defining Unicode char U+2026 (decimal 8230)
   defining Unicode char U+2122 (decimal 8482)
   defining Unicode char U+2423 (decimal 9251)
))
(/usr/share/texlive/texmf-dist/tex/latex/base/fontenc.sty
Package: fontenc 2005/09/27 v1.99g Standard LaTeX package

(/usr/share/texlive/texmf-dist/tex/latex/base/t1enc.def
File: t1enc.def 2005/09/27 v1.99g Standard LaTeX file
LaTeX Font Info:    Redeclaring font encoding T1 on input line 48.
)) (./example.aux)
\openout1 = `example.aux'.

LaTeX Font Info:    Checking defaults for OML/cmm/m/it on input line 81.
LaTeX Font Info:    ... okay on input line 81.
LaTeX Font Info:    Checking defaults for T1/cmr/m/n on input line 81.
LaTeX Font Info:    ... okay on input line 81.
LaTeX Font Info:    Checking defaults for OT1/cmr/m/n on input line 81.
LaTeX Font Info:    ... okay on input line 81.
LaTeX Font Info:    Checking defaults for OMS/cmsy/m/n on input line 81.
LaTeX Font Info:    ... okay on input line 81.
LaTeX Font Info:    Checking defaults for OMX/cmex/m/n on input line 81.
LaTeX Font Info:    ... okay on input line 81.
LaTeX Font Info:    Checking defaults for U/cmr/m/n on input line 81.
LaTeX Font Info:    ... okay on input line 81.
LaTeX Font Info:    Checking defaults for PD1/pdf/m/n on input line 81.
LaTeX Font Info:    ... okay on input line 81.

(/usr/share/texlive/texmf-dist/tex/context/base/supp-pdf.mkii
[Loading MPS to PDF converter (version 2006.09.02).]
\scratchcounter=\count134
\scratchdimen=\dimen143
\scratchbox=\box33
\nofMPsegments=\count135
\nofMParguments=\count136
\everyMPshowfont=\toks28
\MPscratchCnt=\count137
\MPscratchDim=\dimen144
\MPnumerator=\count138
\makeMPintoPDFobject=\count139
\everyMPtoPDFconversion=\toks29
) (/usr/share/texlive/texmf-dist/tex/latex/oberdiek/epstopdf-base.sty
Package: epstopdf-base 2010/02/09 v2.5 Base part for package epstopdf

(/usr/share/texlive/texmf-dist/tex/latex/oberdiek/grfext.sty
Package: grfext 2010/08/19 v1.1 Manage graphics extensions (HO)
)
Package grfext Info: Graphics extension search list:
(grfext)             [.png,.pdf,.jpg,.mps,.jpeg,.jbig2,.jb2,.PNG,.PDF,.JPG,.JPE
G,.JBIG2,.JB2,.eps]
(grfext)             \AppendGraphicsExtensions on input line 452.

(/usr/share/texlive/texmf-dist/tex/latex/latexconfig/epstopdf-sys.cfg
File: epstopdf-sys.cfg 2010/07/13 v1.3 Configuration of (r)epstopdf for TeX Liv
e
))
\AtBeginShipoutBox=\box34
Package hyperref Info: Link coloring OFF on input line 81.

(/usr/share/texlive/texmf-dist/tex/latex/hyperref/nameref.sty
Package: nameref 2012/10/27 v2.43 Cross-referencing by name of section

(/usr/share/texlive/texmf-dist/tex/generic/oberdiek/gettitlestring.sty
Package: gettitlestring 2010/12/03 v1.4 Cleanup title references (HO)
)
\c@section@level=\count140
)
LaTeX Info: Redefining \ref on input line 81.
LaTeX Info: Redefining \pageref on input line 81.
LaTeX Info: Redefining \nameref on input line 81.
Package caption Info: Begin \AtBeginDocument code.
Package caption Info: float package is loaded.
Package caption Info: listings package is loaded.
Package caption Info: End \AtBeginDocument code.
\c@lstlisting=\count141

<uaLogoOld.pdf, id=4, 60.225pt x 75.28125pt>
File: uaLogoOld.pdf Graphic file (type pdf)
 <use uaLogoOld.pdf>
Package pdftex.def Info: uaLogoOld.pdf used on input line 91.
(pdftex.def)             Requested size: 136.60036pt x 170.71652pt.
LaTeX Font Info:    Try loading font information for T1+cmss on input line 91.

(/usr/share/texlive/texmf-dist/tex/latex/base/t1cmss.fd
File: t1cmss.fd 2014/09/29 v2.5h Standard LaTeX font definitions
)
LaTeX Font Info:    Try loading font information for U+msa on input line 91.

(/usr/share/texlive/texmf-dist/tex/latex/amsfonts/umsa.fd
File: umsa.fd 2013/01/14 v3.01 AMS symbols A
)
LaTeX Font Info:    Try loading font information for U+msb on input line 91.

(/usr/share/texlive/texmf-dist/tex/latex/amsfonts/umsb.fd
File: umsb.fd 2013/01/14 v3.01 AMS symbols B
)
Package epstopdf Info: Source file: <uaLogoNew.eps>
(epstopdf)                    date: 2018-05-29 22:35:18
(epstopdf)                    size: 1954 bytes
(epstopdf)             Output file: <uaLogoNew-eps-converted-to.pdf>
(epstopdf)                    date: 2018-06-08 09:03:58
(epstopdf)                    size: 3006 bytes
(epstopdf)             Command: <epstopdf --outfile=uaLogoNew-eps-converted-to.
pdf uaLogoNew.eps>
(epstopdf)             \includegraphics on input line 91.
Package epstopdf Info: Output file is already uptodate.

<uaLogoNew-eps-converted-to.pdf, id=5, 60.225pt x 75.28125pt>
File: uaLogoNew-eps-converted-to.pdf Graphic file (type pdf)

<use uaLogoNew-eps-converted-to.pdf>
Package pdftex.def Info: uaLogoNew-eps-converted-to.pdf used on input line 91.
(pdftex.def)             Requested size: 20.48633pt x 25.60747pt.
Package babel Info: Redefining portuges shorthand "|
(babel)             in language  on input line 94.
Package babel Info: Redefining portuges shorthand "|
(babel)             in language  on input line 94.
 [1

{/var/lib/texmf/fonts/map/pdftex/updmap/pdftex.map} <./uaLogoOld.pdf> <./uaLogo
New-eps-converted-to.pdf>]
Package babel Info: Redefining portuges shorthand "|
(babel)             in language  on input line 95.
Package babel Info: Redefining portuges shorthand "|
(babel)             in language  on input line 95.
pdfTeX warning (ext4): destination with the same identifier (name{page.1}) has 
been already used, duplicate ignored
<to be read again> 
                   \relax 
l.95 \titlepage\ \endtitlepage
                               % empty page [1]
Package babel Info: Redefining portuges shorthand "|
(babel)             in language  on input line 118.
Package babel Info: Redefining portuges shorthand "|
(babel)             in language  on input line 118.
pdfTeX warning (ext4): destination with the same identifier (name{page.1}) has 
been already used, duplicate ignored
<to be read again> 
                   \relax 
l.118 \EndTitlePage
                    [1]
Package babel Info: Redefining portuges shorthand "|
(babel)             in language  on input line 119.
Package babel Info: Redefining portuges shorthand "|
(babel)             in language  on input line 119.
pdfTeX warning (ext4): destination with the same identifier (name{page.1}) has 
been already used, duplicate ignored
<to be read again> 
                   \relax 
l.119 \titlepage\ \endtitlepage
                                % empty page [1]
Package babel Info: Redefining portuges shorthand "|
(babel)             in language  on input line 127.
Package babel Info: Redefining portuges shorthand "|
(babel)             in language  on input line 127.
pdfTeX warning (ext4): destination with the same identifier (name{page.1}) has 
been already used, duplicate ignored
<to be read again> 
                   \relax 
l.127 \EndTitlePage
                    [1]
Package babel Info: Redefining portuges shorthand "|
(babel)             in language  on input line 128.
Package babel Info: Redefining portuges shorthand "|
(babel)             in language  on input line 128.
pdfTeX warning (ext4): destination with the same identifier (name{page.1}) has 
been already used, duplicate ignored
<to be read again> 
                   \relax 
l.128 \titlepage\ \endtitlepage
                                % empty page [1]
Package babel Info: Redefining portuges shorthand "|
(babel)             in language  on input line 138.
Package babel Info: Redefining portuges shorthand "|
(babel)             in language  on input line 138.
pdfTeX warning (ext4): destination with the same identifier (name{page.1}) has 
been already used, duplicate ignored
<to be read again> 
                   \relax 
l.138 \EndTitlePage
                    [1]
Package babel Info: Redefining portuges shorthand "|
(babel)             in language  on input line 139.
Package babel Info: Redefining portuges shorthand "|
(babel)             in language  on input line 139.
pdfTeX warning (ext4): destination with the same identifier (name{page.1}) has 
been already used, duplicate ignored
<to be read again> 
                   \relax 
l.139 \titlepage\ \endtitlepage
                                % empty page [1]
Package babel Info: Redefining portuges shorthand "|
(babel)             in language  on input line 145.
Package babel Info: Redefining portuges shorthand "|
(babel)             in language  on input line 145.
pdfTeX warning (ext4): destination with the same identifier (name{page.1}) has 
been already used, duplicate ignored
<to be read again> 
                   \relax 
l.145 \EndTitlePage
                    [1]
Package babel Info: Redefining portuges shorthand "|
(babel)             in language  on input line 146.
Package babel Info: Redefining portuges shorthand "|
(babel)             in language  on input line 146.
pdfTeX warning (ext4): destination with the same identifier (name{page.1}) has 
been already used, duplicate ignored
<to be read again> 
                   \relax 
l.146 \titlepage\ \endtitlepage
                                % empty page [1]
Package babel Info: Redefining portuges shorthand "|
(babel)             in language  on input line 154.
 (./example.toc
Package babel Info: Redefining portuges shorthand "|
(babel)             in language  on input line 34.
Package babel Info: Redefining portuges shorthand "|
(babel)             in language  on input line 34.
 [1

])
\tf@toc=\write3
\openout3 = `example.toc'.

Package babel Info: Redefining portuges shorthand "|
(babel)             in language  on input line 156.
Package babel Info: Redefining portuges shorthand "|
(babel)             in language  on input line 156.
 [2]
Package babel Info: Redefining portuges shorthand "|
(babel)             in language  on input line 157.

(./example.lof
Package babel Info: Redefining portuges shorthand "|
(babel)             in language  on input line 39.
Package babel Info: Redefining portuges shorthand "|
(babel)             in language  on input line 39.
 [3


])
\tf@lof=\write4
\openout4 = `example.lof'.

Package babel Info: Redefining portuges shorthand "|
(babel)             in language  on input line 159.
Package babel Info: Redefining portuges shorthand "|
(babel)             in language  on input line 159.
 [4]
Package babel Info: Redefining portuges shorthand "|
(babel)             in language  on input line 160.
 (./example.lot)
\tf@lot=\write5
\openout5 = `example.lot'.

Package babel Info: Redefining portuges shorthand "|
(babel)             in language  on input line 165.
Package babel Info: Redefining portuges shorthand "|
(babel)             in language  on input line 165.
 [5


]
Package babel Info: Redefining portuges shorthand "|
(babel)             in language  on input line 165.
Package babel Info: Redefining portuges shorthand "|
(babel)             in language  on input line 165.
 [6

]
Cap\'{\i }tulo 1.
Package babel Info: Redefining portuges shorthand "|
(babel)             in language  on input line 167.
<Pictures/Esquema_Rede.png, id=331, 692.5875pt x 644.4075pt>
File: Pictures/Esquema_Rede.png Graphic file (type png)

<use Pictures/Esquema_Rede.png>
Package pdftex.def Info: Pictures/Esquema_Rede.png used on input line 177.
(pdftex.def)             Requested size: 265.59494pt x 247.11928pt.
Package babel Info: Redefining portuges shorthand "|
(babel)             in language  on input line 188.
Package babel Info: Redefining portuges shorthand "|
(babel)             in language  on input line 188.
pdfTeX warning (ext4): destination with the same identifier (name{page.1}) has 
been already used, duplicate ignored
<to be read again> 
                   \relax 
l.188 \newpage
               [1

]
LaTeX Font Info:    Try loading font information for OMS+cmr on input line 191.

 (/usr/share/texlive/texmf-dist/tex/latex/base/omscmr.fd
File: omscmr.fd 2014/09/29 v2.5h Standard LaTeX font definitions
)
LaTeX Font Info:    Font shape `OMS/cmr/m/n' in size <10.95> not available
(Font)              Font shape `OMS/cmsy/m/n' tried instead on input line 191.
Package babel Info: Redefining portuges shorthand "|
(babel)             in language  on input line 199.
Package babel Info: Redefining portuges shorthand "|
(babel)             in language  on input line 199.

[2 <./Pictures/Esquema_Rede.png>]
Cap\'{\i }tulo 2.
Package babel Info: Redefining portuges shorthand "|
(babel)             in language  on input line 200.
Package babel Info: Redefining portuges shorthand "|
(babel)             in language  on input line 202.
<Pictures/molde.jpg, id=350, 3019.28pt x 2007.5pt>
File: Pictures/molde.jpg Graphic file (type jpg)
 <use Pictures/molde.jpg>
Package pdftex.def Info: Pictures/molde.jpg used on input line 205.
(pdftex.def)             Requested size: 331.99031pt x 220.73378pt.
Package babel Info: Redefining portuges shorthand "|
(babel)             in language  on input line 212.
Package babel Info: Redefining portuges shorthand "|
(babel)             in language  on input line 212.

[3


 <./Pictures/molde.jpg>]
Package babel Info: Redefining portuges shorthand "|
(babel)             in language  on input line 226.
Package babel Info: Redefining portuges shorthand "|
(babel)             in language  on input line 230.
Package babel Info: Redefining portuges shorthand "|
(babel)             in language  on input line 230.
 [4]
<Pictures/SGBD.png, id=407, 487.8225pt x 544.0325pt>
File: Pictures/SGBD.png Graphic file (type png)
 <use Pictures/SGBD.png>
Package pdftex.def Info: Pictures/SGBD.png used on input line 235.
(pdftex.def)             Requested size: 309.85626pt x 345.56471pt.
Package babel Info: Redefining portuges shorthand "|
(babel)             in language  on input line 240.
Package babel Info: Redefining portuges shorthand "|
(babel)             in language  on input line 240.

[5 <./Pictures/SGBD.png>]
Package babel Info: Redefining portuges shorthand "|
(babel)             in language  on input line 244.

<Pictures/exemplo_relacional.png, id=425, 532.99126pt x 166.6225pt>
File: Pictures/exemplo_relacional.png Graphic file (type png)

<use Pictures/exemplo_relacional.png>
Package pdftex.def Info: Pictures/exemplo_relacional.png used on input line 252
.
(pdftex.def)             Requested size: 398.38567pt x 124.54706pt.
Package babel Info: Redefining portuges shorthand "|
(babel)             in language  on input line 258.
Package babel Info: Redefining portuges shorthand "|
(babel)             in language  on input line 258.
 [6 <./Pictures/exemplo_relacional.png>]
Package babel Info: Redefining portuges shorthand "|
(babel)             in language  on input line 259.
Package babel Info: Redefining portuges shorthand "|
(babel)             in language  on input line 279.
Package babel Info: Redefining portuges shorthand "|
(babel)             in language  on input line 282.
Package babel Info: Redefining portuges shorthand "|
(babel)             in language  on input line 282.

[7] <Pictures/notacao1.png, id=448, 783.92876pt x 181.67876pt>
File: Pictures/notacao1.png Graphic file (type png)

<use Pictures/notacao1.png>
Package pdftex.def Info: Pictures/notacao1.png used on input line 288.
(pdftex.def)             Requested size: 354.12434pt x 82.07071pt.

<Pictures/notacao2.png, id=450, 824.07875pt x 181.67876pt>
File: Pictures/notacao2.png Graphic file (type png)

<use Pictures/notacao2.png>
Package pdftex.def Info: Pictures/notacao2.png used on input line 296.
(pdftex.def)             Requested size: 354.12434pt x 78.07043pt.
Package babel Info: Redefining portuges shorthand "|
(babel)             in language  on input line 301.
Package babel Info: Redefining portuges shorthand "|
(babel)             in language  on input line 301.
 [8 <./Pictures/notacao1.png> <./Pictures/notacao2.png>] <Pictures/notacao3.png
, id=460, 121.45375pt x 141.52875pt>
File: Pictures/notacao3.png Graphic file (type png)

<use Pictures/notacao3.png>
Package pdftex.def Info: Pictures/notacao3.png used on input line 309.
(pdftex.def)             Requested size: 55.33171pt x 64.47557pt.

<Pictures/notacao4.png, id=461, 482.80376pt x 81.30376pt>
File: Pictures/notacao4.png Graphic file (type png)

<use Pictures/notacao4.png>
Package pdftex.def Info: Pictures/notacao4.png used on input line 316.
(pdftex.def)             Requested size: 199.19283pt x 33.54317pt.

<Pictures/notacao5.png, id=462, 482.80376pt x 191.71625pt>
File: Pictures/notacao5.png Graphic file (type png)

<use Pictures/notacao5.png>
Package pdftex.def Info: Pictures/notacao5.png used on input line 324.
(pdftex.def)             Requested size: 199.19283pt x 79.09563pt.

<Pictures/notacao6.png, id=463, 844.15375pt x 333.245pt>
File: Pictures/notacao6.png Graphic file (type png)

<use Pictures/notacao6.png>
Package pdftex.def Info: Pictures/notacao6.png used on input line 335.
(pdftex.def)             Requested size: 331.99031pt x 131.05827pt.
Package babel Info: Redefining portuges shorthand "|
(babel)             in language  on input line 341.
Package babel Info: Redefining portuges shorthand "|
(babel)             in language  on input line 341.
 [9 <./Pictures/notacao3.png> <./Pictures/notacao4.png> <./Pictures/notacao5.pn
g> <./Pictures/notacao6.png>]
<Pictures/notacao7.png, id=477, 482.80376pt x 182.6825pt>
File: Pictures/notacao7.png Graphic file (type png)

<use Pictures/notacao7.png>
Package pdftex.def Info: Pictures/notacao7.png used on input line 345.
(pdftex.def)             Requested size: 221.32687pt x 83.74506pt.

<Pictures/notacao8.png, id=480, 161.60374pt x 283.0575pt>
File: Pictures/notacao8.png Graphic file (type png)

<use Pictures/notacao8.png>
Package pdftex.def Info: Pictures/notacao8.png used on input line 362.
(pdftex.def)             Requested size: 53.11816pt x 93.03781pt.

<Pictures/notacao9.png, id=481, 161.60374pt x 283.0575pt>
File: Pictures/notacao9.png Graphic file (type png)

<use Pictures/notacao9.png>
Package pdftex.def Info: Pictures/notacao9.png used on input line 369.
(pdftex.def)             Requested size: 53.11816pt x 93.03781pt.

<Pictures/notacao10.png, id=482, 162.6075pt x 283.0575pt>
File: Pictures/notacao10.png Graphic file (type png)

<use Pictures/notacao10.png>
Package pdftex.def Info: Pictures/notacao10.png used on input line 376.
(pdftex.def)             Requested size: 53.11816pt x 92.46336pt.

<Pictures/notacao11.png, id=483, 482.80376pt x 81.30376pt>
File: Pictures/notacao11.png Graphic file (type png)

<use Pictures/notacao11.png>
Package pdftex.def Info: Pictures/notacao11.png used on input line 389.
(pdftex.def)             Requested size: 221.32687pt x 37.27115pt.

<Pictures/notacao12.png, id=484, 482.80376pt x 81.30376pt>
File: Pictures/notacao12.png Graphic file (type png)

<use Pictures/notacao12.png>
Package pdftex.def Info: Pictures/notacao12.png used on input line 396.
(pdftex.def)             Requested size: 221.32687pt x 37.27115pt.

<Pictures/notacao13.png, id=486, 482.80376pt x 81.30376pt>
File: Pictures/notacao13.png Graphic file (type png)

<use Pictures/notacao13.png>
Package pdftex.def Info: Pictures/notacao13.png used on input line 407.
(pdftex.def)             Requested size: 221.32687pt x 37.27115pt.
Package babel Info: Redefining portuges shorthand "|
(babel)             in language  on input line 411.
Package babel Info: Redefining portuges shorthand "|
(babel)             in language  on input line 411.
 [10 <./Pictures/notacao7.png> <./Pictures/notacao8.png> <./Pictures/notacao9.p
ng> <./Pictures/notacao10.png> <./Pictures/notacao11.png> <./Pictures/notacao12
.png>]
<Pictures/notacao14.png, id=498, 387.4475pt x 342.27875pt>
File: Pictures/notacao14.png Graphic file (type png)

<use Pictures/notacao14.png>
Package pdftex.def Info: Pictures/notacao14.png used on input line 415.
(pdftex.def)             Requested size: 221.32687pt x 195.52394pt.
Package babel Info: Redefining portuges shorthand "|
(babel)             in language  on input line 421.

<Pictures/notacao15.png, id=501, 443.6575pt x 149.55875pt>
File: Pictures/notacao15.png Graphic file (type png)

<use Pictures/notacao15.png>
Package pdftex.def Info: Pictures/notacao15.png used on input line 425.
(pdftex.def)             Requested size: 309.85626pt x 104.45306pt.
Package babel Info: Redefining portuges shorthand "|
(babel)             in language  on input line 432.
Package babel Info: Redefining portuges shorthand "|
(babel)             in language  on input line 433.
Package babel Info: Redefining portuges shorthand "|
(babel)             in language  on input line 433.
 [11 <./Pictures/notacao13.png> <./Pictures/notacao14.png>]
Package babel Info: Redefining portuges shorthand "|
(babel)             in language  on input line 440.
Package babel Info: Redefining portuges shorthand "|
(babel)             in language  on input line 440.
 [12 <./Pictures/notacao15.png>]
Package babel Info: Redefining portuges shorthand "|
(babel)             in language  on input line 441.

<Pictures/ubuntu.png, id=521, 200.75pt x 200.75pt>
File: Pictures/ubuntu.png Graphic file (type png)
 <use Pictures/ubuntu.png>
Package pdftex.def Info: Pictures/ubuntu.png used on input line 448.
(pdftex.def)             Requested size: 43.8234pt x 43.82205pt.

<Pictures/gcc.png, id=524, 2007.5pt x 2368.85pt>
File: Pictures/gcc.png Graphic file (type png)
 <use Pictures/gcc.png>
Package pdftex.def Info: Pictures/gcc.png used on input line 455.
(pdftex.def)             Requested size: 58.42972pt x 68.92982pt.

<Pictures/apache.png, id=527, 5162.14285pt x 2179.89919pt>
File: Pictures/apache.png Graphic file (type png)

<use Pictures/apache.png>
Package pdftex.def Info: Pictures/apache.png used on input line 463.
(pdftex.def)             Requested size: 87.6468pt x 36.98795pt.
 <Pictures/mysql.png, id=530, 273.02pt x 185.69376pt>
File: Pictures/mysql.png Graphic file (type png)

<use Pictures/mysql.png>
Package pdftex.def Info: Pictures/mysql.png used on input line 471.
(pdftex.def)             Requested size: 110.66344pt x 75.26788pt.
Package babel Info: Redefining portuges shorthand "|
(babel)             in language  on input line 480.
Package babel Info: Redefining portuges shorthand "|
(babel)             in language  on input line 485.
Package babel Info: Redefining portuges shorthand "|
(babel)             in language  on input line 485.
 [13 <./Pictures/ubuntu.png> <./Pictures/gcc.png> <./Pictures/apache.png> <./Pi
ctures/mysql.png>]
Package babel Info: Redefining portuges shorthand "|
(babel)             in language  on input line 489.

<Pictures/web.jpg, id=557, 1003.75pt x 1042.89626pt>
File: Pictures/web.jpg Graphic file (type jpg)
 <use Pictures/web.jpg>
Package pdftex.def Info: Pictures/web.jpg used on input line 492.
(pdftex.def)             Requested size: 177.05879pt x 169.40315pt.
Package babel Info: Redefining portuges shorthand "|
(babel)             in language  on input line 500.
Package babel Info: Redefining portuges shorthand "|
(babel)             in language  on input line 502.
Package babel Info: Redefining portuges shorthand "|
(babel)             in language  on input line 502.

[14 <./Pictures/web.jpg>]
Package babel Info: Redefining portuges shorthand "|
(babel)             in language  on input line 529.
Package babel Info: Redefining portuges shorthand "|
(babel)             in language  on input line 529.
 [15]
Package babel Info: Redefining portuges shorthand "|
(babel)             in language  on input line 551.
Package babel Info: Redefining portuges shorthand "|
(babel)             in language  on input line 551.
 [16]
Cap\'{\i }tulo 3.
Package babel Info: Redefining portuges shorthand "|
(babel)             in language  on input line 552.
Package babel Info: Redefining portuges shorthand "|
(babel)             in language  on input line 556.
<Pictures/Esquema_Projeto_4.png, id=595, 227.6505pt x 281.6121pt>
File: Pictures/Esquema_Projeto_4.png Graphic file (type png)

<use Pictures/Esquema_Projeto_4.png>
Package pdftex.def Info: Pictures/Esquema_Projeto_4.png used on input line 560.

(pdftex.def)             Requested size: 194.76872pt x 240.94414pt.

<Pictures/Esquema_Projeto_5.png, id=597, 241.8636pt x 281.6121pt>
File: Pictures/Esquema_Projeto_5.png Graphic file (type png)

<use Pictures/Esquema_Projeto_5.png>
Package pdftex.def Info: Pictures/Esquema_Projeto_5.png used on input line 568.

(pdftex.def)             Requested size: 243.4609pt x 283.47203pt.
Package babel Info: Redefining portuges shorthand "|
(babel)             in language  on input line 572.
Package babel Info: Redefining portuges shorthand "|
(babel)             in language  on input line 572.
 [17


 <./Pictures/Esquema_Projeto_4.png>]
<Pictures/Esquema_Projeto_6.png, id=604, 341.3553pt x 281.6121pt>
File: Pictures/Esquema_Projeto_6.png Graphic file (type png)

<use Pictures/Esquema_Projeto_6.png>
Package pdftex.def Info: Pictures/Esquema_Projeto_6.png used on input line 576.

(pdftex.def)             Requested size: 442.65375pt x 365.18903pt.
Package babel Info: Redefining portuges shorthand "|
(babel)             in language  on input line 582.
Package babel Info: Redefining portuges shorthand "|
(babel)             in language  on input line 583.
Package babel Info: Redefining portuges shorthand "|
(babel)             in language  on input line 586.
Package babel Info: Redefining portuges shorthand "|
(babel)             in language  on input line 586.
 [18 <./Pictures/Esquema_Projeto_5.png>]
Package babel Info: Redefining portuges shorthand "|
(babel)             in language  on input line 586.
Package babel Info: Redefining portuges shorthand "|
(babel)             in language  on input line 586.

[19 <./Pictures/Esquema_Projeto_6.png>]
Package babel Info: Redefining portuges shorthand "|
(babel)             in language  on input line 634.
Package babel Info: Redefining portuges shorthand "|
(babel)             in language  on input line 634.
 [20]
Package babel Info: Redefining portuges shorthand "|
(babel)             in language  on input line 697.
Package babel Info: Redefining portuges shorthand "|
(babel)             in language  on input line 697.
 [21]
Package babel Info: Redefining portuges shorthand "|
(babel)             in language  on input line 724.
Package babel Info: Redefining portuges shorthand "|
(babel)             in language  on input line 724.
 [22]
<Pictures/diagrama_entidade_relacao.png, id=635, 1427.3325pt x 533.995pt>
File: Pictures/diagrama_entidade_relacao.png Graphic file (type png)

<use Pictures/diagrama_entidade_relacao.png>
Package pdftex.def Info: Pictures/diagrama_entidade_relacao.png used on input l
ine 727.
(pdftex.def)             Requested size: 619.71254pt x 231.84595pt.
Package babel Info: Redefining portuges shorthand "|
(babel)             in language  on input line 732.
Package babel Info: Redefining portuges shorthand "|
(babel)             in language  on input line 732.
 [23 <./Pictures/diagrama_entidade_relacao.png>]
Package babel Info: Redefining portuges shorthand "|
(babel)             in language  on input line 733.

<Pictures/esquema_relacional.png, id=644, 551.05875pt x 470.75874pt>
File: Pictures/esquema_relacional.png Graphic file (type png)

<use Pictures/esquema_relacional.png>
Package pdftex.def Info: Pictures/esquema_relacional.png used on input line 738
.
(pdftex.def)             Requested size: 442.65375pt x 378.16626pt.
Package babel Info: Redefining portuges shorthand "|
(babel)             in language  on input line 744.
Package babel Info: Redefining portuges shorthand "|
(babel)             in language  on input line 744.
 [24


 <./Pictures/esquema_relacional.png>]
Package babel Info: Redefining portuges shorthand "|
(babel)             in language  on input line 745.
LaTeX Font Info:    Try loading font information for T1+pcr on input line 752.

(/usr/share/texlive/texmf-dist/tex/latex/psnfss/t1pcr.fd
File: t1pcr.fd 2001/06/04 font definitions for T1/pcr.
)
Package babel Info: Redefining portuges shorthand "|
(babel)             in language  on input line 801.
Package babel Info: Redefining portuges shorthand "|
(babel)             in language  on input line 801.
 [25]
Package babel Info: Redefining portuges shorthand "|
(babel)             in language  on input line 845.
Package babel Info: Redefining portuges shorthand "|
(babel)             in language  on input line 845.
 [26]
Package babel Info: Redefining portuges shorthand "|
(babel)             in language  on input line 857.

<Pictures/Aplicacao_notificacoes.png, id=672, 170.7981pt x 133.6995pt>
File: Pictures/Aplicacao_notificacoes.png Graphic file (type png)

<use Pictures/Aplicacao_notificacoes.png>
Package pdftex.def Info: Pictures/Aplicacao_notificacoes.png used on input line
 863.
(pdftex.def)             Requested size: 221.32687pt x 173.25237pt.

Underfull \vbox (badness 1215) has occurred while \output is active []

Package babel Info: Redefining portuges shorthand "|
(babel)             in language  on input line 885.
Package babel Info: Redefining portuges shorthand "|
(babel)             in language  on input line 885.
 [27 <./Pictures/Aplicacao_notificacoes.png>]
Package babel Info: Redefining portuges shorthand "|
(babel)             in language  on input line 910.

<Pictures/fluxograma_transferencia_programa4.png, id=690, 631.35875pt x 1226.58
25pt>
File: Pictures/fluxograma_transferencia_programa4.png Graphic file (type png)
 <use Pictures/fluxograma_transferencia_programa4.png>
Package pdftex.def Info: Pictures/fluxograma_transferencia_programa4.png used o
n input line 916.
(pdftex.def)             Requested size: 331.99031pt x 644.97614pt.

<Pictures/fluxograma_transferencia_subprograma4.png, id=691, 698.61pt x 1068.99
374pt>
File: Pictures/fluxograma_transferencia_subprograma4.png Graphic file (type png
)
 <use Pictures/fluxograma_transferencia_subprograma4.png>
Package pdftex.def Info: Pictures/fluxograma_transferencia_subprograma4.png use
d on input line 924.
(pdftex.def)             Requested size: 376.25838pt x 575.74738pt.

(/usr/share/texlive/texmf-dist/tex/latex/listings/lstlang1.sty
File: lstlang1.sty 2015/06/04 1.6 listings language file
)
LaTeX Font Info:    Font shape `T1/pcr/bx/n' in size <10.95> not available
(Font)              Font shape `T1/pcr/b/n' tried instead on input line 931.

(/usr/share/texlive/texmf-dist/tex/latex/listings/lstlang1.sty
File: lstlang1.sty 2015/06/04 1.6 listings language file
)
(/usr/share/texlive/texmf-dist/tex/latex/listings/lstmisc.sty
File: lstmisc.sty 2015/06/04 1.6 (Carsten Heinz)
)
Package babel Info: Redefining portuges shorthand "|
(babel)             in language  on input line 939.
Package babel Info: Redefining portuges shorthand "|
(babel)             in language  on input line 939.
 [28]
Package babel Info: Redefining portuges shorthand "|
(babel)             in language  on input line 939.
Package babel Info: Redefining portuges shorthand "|
(babel)             in language  on input line 939.
 [29 <./Pictures/fluxograma_transferencia_programa4.png>]
Package babel Info: Redefining portuges shorthand "|
(babel)             in language  on input line 939.
Package babel Info: Redefining portuges shorthand "|
(babel)             in language  on input line 939.
 [30 <./Pictures/fluxograma_transferencia_subprograma4.png>]
Package babel Info: Redefining portuges shorthand "|
(babel)             in language  on input line 975.
Package babel Info: Redefining portuges shorthand "|
(babel)             in language  on input line 975.
 [31]
Package babel Info: Redefining portuges shorthand "|
(babel)             in language  on input line 984.

<Pictures/fluxograma_backups_programa01.png, id=751, 443.6575pt x 845.1575pt>
File: Pictures/fluxograma_backups_programa01.png Graphic file (type png)

<use Pictures/fluxograma_backups_programa01.png>
Package pdftex.def Info: Pictures/fluxograma_backups_programa01.png used on inp
ut line 992.
(pdftex.def)             Requested size: 309.85626pt x 590.26503pt.


LaTeX Warning: Float too large for page by 2.86475pt on input line 996.

<Pictures/fluxograma_backups_gerar01.png, id=752, 943.525pt x 873.2625pt>
File: Pictures/fluxograma_backups_gerar01.png Graphic file (type png)

<use Pictures/fluxograma_backups_gerar01.png>
Package pdftex.def Info: Pictures/fluxograma_backups_gerar01.png used on input 
line 999.
(pdftex.def)             Requested size: 442.65375pt x 409.68724pt.

<Pictures/fluxograma_backups_concatenar02.png, id=755, 942.52126pt x 1226.5825p
t>
File: Pictures/fluxograma_backups_concatenar02.png Graphic file (type png)
 <use Pictures/fluxograma_backups_concatenar02.png>
Package pdftex.def Info: Pictures/fluxograma_backups_concatenar02.png used on i
nput line 1006.
(pdftex.def)             Requested size: 442.65375pt x 576.06339pt.
Package babel Info: Redefining portuges shorthand "|
(babel)             in language  on input line 1011.
Package babel Info: Redefining portuges shorthand "|
(babel)             in language  on input line 1011.
 [32]
Package babel Info: Redefining portuges shorthand "|
(babel)             in language  on input line 1011.
Package babel Info: Redefining portuges shorthand "|
(babel)             in language  on input line 1011.
 [33 <./Pictures/fluxograma_backups_programa01.png>]
Package babel Info: Redefining portuges shorthand "|
(babel)             in language  on input line 1011.
Package babel Info: Redefining portuges shorthand "|
(babel)             in language  on input line 1011.
 [34 <./Pictures/fluxograma_backups_gerar01.png>]
Package babel Info: Redefining portuges shorthand "|
(babel)             in language  on input line 1011.
Package babel Info: Redefining portuges shorthand "|
(babel)             in language  on input line 1011.
 [35 <./Pictures/fluxograma_backups_concatenar02.png>]
Package babel Info: Redefining portuges shorthand "|
(babel)             in language  on input line 1060.
Package babel Info: Redefining portuges shorthand "|
(babel)             in language  on input line 1060.
 [36]
(/usr/share/texlive/texmf-dist/tex/latex/listings/lstlang1.sty
File: lstlang1.sty 2015/06/04 1.6 listings language file
)
(/usr/share/texlive/texmf-dist/tex/latex/listings/lstlang1.sty
File: lstlang1.sty 2015/06/04 1.6 listings language file
)
Package babel Info: Redefining portuges shorthand "|
(babel)             in language  on input line 1104.
Package babel Info: Redefining portuges shorthand "|
(babel)             in language  on input line 1104.
 [37]
Package babel Info: Redefining portuges shorthand "|
(babel)             in language  on input line 1141.
Package babel Info: Redefining portuges shorthand "|
(babel)             in language  on input line 1141.
 [38]
Package babel Info: Redefining portuges shorthand "|
(babel)             in language  on input line 1174.
Package babel Info: Redefining portuges shorthand "|
(babel)             in language  on input line 1185.
Package babel Info: Redefining portuges shorthand "|
(babel)             in language  on input line 1185.

[39]
Package babel Info: Redefining portuges shorthand "|
(babel)             in language  on input line 1200.


LaTeX Warning: Float too large for page by 1.01662pt on input line 1256.


Underfull \hbox (badness 1436) in paragraph at lines 1277--1277
\T1/cmr/m/n/10.95 a-das nos sis-te-mas do pro-jeto. \T1/pcr/m/n/10.95 localhost
\T1/cmr/m/n/10.95 , \T1/pcr/m/n/10.95 apachehost\T1/cmr/m/n/10.95 , \T1/pcr/m/n
/10.95 sistemalocalhost \T1/cmr/m/n/10.95 e
 []

<Pictures/placeholder.jpg, id=929, 351.3125pt x 193.72375pt>
File: Pictures/placeholder.jpg Graphic file (type jpg)

<use Pictures/placeholder.jpg>
Package pdftex.def Info: Pictures/placeholder.jpg used on input line 1282.
(pdftex.def)             Requested size: 398.38567pt x 219.69748pt.
Package babel Info: Redefining portuges shorthand "|
(babel)             in language  on input line 1288.
Package babel Info: Redefining portuges shorthand "|
(babel)             in language  on input line 1288.
 [40]
Package babel Info: Redefining portuges shorthand "|
(babel)             in language  on input line 1288.
Package babel Info: Redefining portuges shorthand "|
(babel)             in language  on input line 1288.
 [41]
Package babel Info: Redefining portuges shorthand "|
(babel)             in language  on input line 1288.
Package babel Info: Redefining portuges shorthand "|
(babel)             in language  on input line 1288.
 [42 <./Pictures/placeholder.jpg>]
Cap\'{\i }tulo 4.
Package babel Info: Redefining portuges shorthand "|
(babel)             in language  on input line 1289.
Package babel Info: Redefining portuges shorthand "|
(babel)             in language  on input line 1293.
<Pictures/Aplicacao_temp_local_central.png, id=956, 193.4427pt x 137.7948pt>
File: Pictures/Aplicacao_temp_local_central.png Graphic file (type png)

<use Pictures/Aplicacao_temp_local_central.png>
Package pdftex.def Info: Pictures/Aplicacao_temp_local_central.png used on inpu
t line 1298.
(pdftex.def)             Requested size: 265.59494pt x 189.19403pt.
Package babel Info: Redefining portuges shorthand "|
(babel)             in language  on input line 1304.
Package babel Info: Redefining portuges shorthand "|
(babel)             in language  on input line 1307.
Package babel Info: Redefining portuges shorthand "|
(babel)             in language  on input line 1307.
 [43


 <./Pictures/Aplicacao_temp_local_central.png>]
<Pictures/fluxograma_consultas01.png, id=964, 571.13374pt x 1357.07pt>
File: Pictures/fluxograma_consultas01.png Graphic file (type png)

<use Pictures/fluxograma_consultas01.png>
Package pdftex.def Info: Pictures/fluxograma_consultas01.png used on input line
 1318.
(pdftex.def)             Requested size: 265.59494pt x 631.07245pt.

<Pictures/fluxograma_administracao02.png, id=965, 1045.9075pt x 1467.4825pt>
File: Pictures/fluxograma_administracao02.png Graphic file (type png)

<use Pictures/fluxograma_administracao02.png>
Package pdftex.def Info: Pictures/fluxograma_administracao02.png used on input 
line 1326.
(pdftex.def)             Requested size: 442.65375pt x 621.08556pt.
Package babel Info: Redefining portuges shorthand "|
(babel)             in language  on input line 1332.
Package babel Info: Redefining portuges shorthand "|
(babel)             in language  on input line 1332.
 [44]
Package babel Info: Redefining portuges shorthand "|
(babel)             in language  on input line 1332.
Package babel Info: Redefining portuges shorthand "|
(babel)             in language  on input line 1332.
 [45 <./Pictures/fluxograma_consultas01.png>]
Package babel Info: Redefining portuges shorthand "|
(babel)             in language  on input line 1332.
Package babel Info: Redefining portuges shorthand "|
(babel)             in language  on input line 1332.
 [46 <./Pictures/fluxograma_administracao02.png>]
Package babel Info: Redefining portuges shorthand "|
(babel)             in language  on input line 1333.

<Pictures/main01.png, id=982, 1305.87875pt x 746.79pt>
File: Pictures/main01.png Graphic file (type png)

<use Pictures/main01.png>
Package pdftex.def Info: Pictures/main01.png used on input line 1338.
(pdftex.def)             Requested size: 376.25838pt x 215.16196pt.

<Pictures/main02.png, id=983, 1305.87875pt x 746.79pt>
File: Pictures/main02.png Graphic file (type png)

<use Pictures/main02.png>
Package pdftex.def Info: Pictures/main02.png used on input line 1345.
(pdftex.def)             Requested size: 376.25838pt x 215.16196pt.
Package babel Info: Redefining portuges shorthand "|
(babel)             in language  on input line 1356.

<Pictures/login01.png, id=986, 1305.87875pt x 746.79pt>
File: Pictures/login01.png Graphic file (type png)

<use Pictures/login01.png>
Package pdftex.def Info: Pictures/login01.png used on input line 1360.
(pdftex.def)             Requested size: 398.38567pt x 227.82188pt.

Underfull \vbox (badness 7667) has occurred while \output is active []

Package babel Info: Redefining portuges shorthand "|
(babel)             in language  on input line 1365.
Package babel Info: Redefining portuges shorthand "|
(babel)             in language  on input line 1365.
 [47 <./Pictures/main01.png> <./Pictures/main02.png>]
<Pictures/login02.png, id=994, 1305.87875pt x 746.79pt>
File: Pictures/login02.png Graphic file (type png)

<use Pictures/login02.png>
Package pdftex.def Info: Pictures/login02.png used on input line 1371.
(pdftex.def)             Requested size: 210.25984pt x 120.2295pt.

<Pictures/login03.png, id=995, 1305.87875pt x 746.79pt>
File: Pictures/login03.png Graphic file (type png)

<use Pictures/login03.png>
Package pdftex.def Info: Pictures/login03.png used on input line 1378.
(pdftex.def)             Requested size: 210.25984pt x 120.2295pt.
Package babel Info: Redefining portuges shorthand "|
(babel)             in language  on input line 1387.

<Pictures/consultas01.png, id=996, 1305.87875pt x 746.79pt>
File: Pictures/consultas01.png Graphic file (type png)

<use Pictures/consultas01.png>
Package pdftex.def Info: Pictures/consultas01.png used on input line 1392.
(pdftex.def)             Requested size: 398.38567pt x 227.82188pt.

<Pictures/consultas02.png, id=997, 1305.87875pt x 746.79pt>
File: Pictures/consultas02.png Graphic file (type png)

<use Pictures/consultas02.png>
Package pdftex.def Info: Pictures/consultas02.png used on input line 1399.
(pdftex.def)             Requested size: 398.38567pt x 227.82188pt.
Package babel Info: Redefining portuges shorthand "|
(babel)             in language  on input line 1407.
Package babel Info: Redefining portuges shorthand "|
(babel)             in language  on input line 1407.
 [48 <./Pictures/login01.png> <./Pictures/login02.png> <./Pictures/login03.png>
]
Package babel Info: Redefining portuges shorthand "|
(babel)             in language  on input line 1408.
Package babel Info: Redefining portuges shorthand "|
(babel)             in language  on input line 1408.
 [49 <./Pictures/consultas01.png> <./Pictures/consultas02.png>]
Package babel Info: Redefining portuges shorthand "|
(babel)             in language  on input line 1438.
Package babel Info: Redefining portuges shorthand "|
(babel)             in language  on input line 1438.
 [50]
<Pictures/consultas03.png, id=1037, 1305.87875pt x 746.79pt>
File: Pictures/consultas03.png Graphic file (type png)

<use Pictures/consultas03.png>
Package pdftex.def Info: Pictures/consultas03.png used on input line 1443.
(pdftex.def)             Requested size: 309.85626pt x 177.19353pt.

<Pictures/consultas04.png, id=1038, 1305.87875pt x 746.79pt>
File: Pictures/consultas04.png Graphic file (type png)

<use Pictures/consultas04.png>
Package pdftex.def Info: Pictures/consultas04.png used on input line 1450.
(pdftex.def)             Requested size: 309.85626pt x 177.19353pt.

<Pictures/consultas05.png, id=1039, 1305.87875pt x 746.79pt>
File: Pictures/consultas05.png Graphic file (type png)

<use Pictures/consultas05.png>
Package pdftex.def Info: Pictures/consultas05.png used on input line 1457.
(pdftex.def)             Requested size: 309.85626pt x 177.19353pt.
Package babel Info: Redefining portuges shorthand "|
(babel)             in language  on input line 1466.

<Pictures/administracao01.png, id=1040, 1305.87875pt x 746.79pt>
File: Pictures/administracao01.png Graphic file (type png)

<use Pictures/administracao01.png>
Package pdftex.def Info: Pictures/administracao01.png used on input line 1471.
(pdftex.def)             Requested size: 398.38567pt x 227.82188pt.

<Pictures/administracao02.png, id=1041, 1305.87875pt x 746.79pt>
File: Pictures/administracao02.png Graphic file (type png)

<use Pictures/administracao02.png>
Package pdftex.def Info: Pictures/administracao02.png used on input line 1478.
(pdftex.def)             Requested size: 398.38567pt x 227.82188pt.

Underfull \vbox (badness 10000) has occurred while \output is active []

Package babel Info: Redefining portuges shorthand "|
(babel)             in language  on input line 1486.
Package babel Info: Redefining portuges shorthand "|
(babel)             in language  on input line 1486.
 [51 <./Pictures/consultas03.png> <./Pictures/consultas04.png> <./Pictures/cons
ultas05.png>]
Package babel Info: Redefining portuges shorthand "|
(babel)             in language  on input line 1487.
Package babel Info: Redefining portuges shorthand "|
(babel)             in language  on input line 1487.
 [52 <./Pictures/administracao01.png> <./Pictures/administracao02.png>]
Package babel Info: Redefining portuges shorthand "|
(babel)             in language  on input line 1495.

<Pictures/administracao03.png, id=1054, 1305.87875pt x 746.79pt>
File: Pictures/administracao03.png Graphic file (type png)

<use Pictures/administracao03.png>
Package pdftex.def Info: Pictures/administracao03.png used on input line 1499.
(pdftex.def)             Requested size: 398.38567pt x 227.82188pt.

<Pictures/administracao04.png, id=1057, 1305.87875pt x 746.79pt>
File: Pictures/administracao04.png Graphic file (type png)

<use Pictures/administracao04.png>
Package pdftex.def Info: Pictures/administracao04.png used on input line 1508.
(pdftex.def)             Requested size: 398.38567pt x 227.82188pt.

Underfull \vbox (badness 2961) has occurred while \output is active []

Package babel Info: Redefining portuges shorthand "|
(babel)             in language  on input line 1513.
Package babel Info: Redefining portuges shorthand "|
(babel)             in language  on input line 1513.
 [53 <./Pictures/administracao03.png>]
<Pictures/administracao05.png, id=1071, 1305.87875pt x 746.79pt>
File: Pictures/administracao05.png Graphic file (type png)

<use Pictures/administracao05.png>
Package pdftex.def Info: Pictures/administracao05.png used on input line 1522.
(pdftex.def)             Requested size: 354.12434pt x 202.50201pt.

<Pictures/administracao06.png, id=1072, 1305.87875pt x 746.79pt>
File: Pictures/administracao06.png Graphic file (type png)

<use Pictures/administracao06.png>
Package pdftex.def Info: Pictures/administracao06.png used on input line 1528.
(pdftex.def)             Requested size: 354.12434pt x 202.50201pt.

Underfull \vbox (badness 10000) has occurred while \output is active []

Package babel Info: Redefining portuges shorthand "|
(babel)             in language  on input line 1531.
Package babel Info: Redefining portuges shorthand "|
(babel)             in language  on input line 1531.
 [54 <./Pictures/administracao04.png>]
Package babel Info: Redefining portuges shorthand "|
(babel)             in language  on input line 1540.
Package babel Info: Redefining portuges shorthand "|
(babel)             in language  on input line 1540.
 [55 <./Pictures/administracao05.png> <./Pictures/administracao06.png>]
<Pictures/administracao07.png, id=1094, 1305.87875pt x 746.79pt>
File: Pictures/administracao07.png Graphic file (type png)

<use Pictures/administracao07.png>
Package pdftex.def Info: Pictures/administracao07.png used on input line 1546.
(pdftex.def)             Requested size: 199.19283pt x 113.90524pt.

<Pictures/administracao08.png, id=1095, 1305.87875pt x 746.79pt>
File: Pictures/administracao08.png Graphic file (type png)

<use Pictures/administracao08.png>
Package pdftex.def Info: Pictures/administracao08.png used on input line 1553.
(pdftex.def)             Requested size: 199.19283pt x 113.90524pt.
Package babel Info: Redefining portuges shorthand "|
(babel)             in language  on input line 1587.
Package babel Info: Redefining portuges shorthand "|
(babel)             in language  on input line 1587.
 [56 <./Pictures/administracao07.png> <./Pictures/administracao08.png>]
Package babel Info: Redefining portuges shorthand "|
(babel)             in language  on input line 1588.

<Pictures/local04.png, id=1124, 1305.87875pt x 746.79pt>
File: Pictures/local04.png Graphic file (type png)

<use Pictures/local04.png>
Package pdftex.def Info: Pictures/local04.png used on input line 1593.
(pdftex.def)             Requested size: 398.38567pt x 227.82188pt.

<Pictures/local01.png, id=1126, 1305.87875pt x 746.79pt>
File: Pictures/local01.png Graphic file (type png)

<use Pictures/local01.png>
Package pdftex.def Info: Pictures/local01.png used on input line 1600.
(pdftex.def)             Requested size: 398.38567pt x 227.82188pt.

Underfull \vbox (badness 10000) has occurred while \output is active []

Package babel Info: Redefining portuges shorthand "|
(babel)             in language  on input line 1604.
Package babel Info: Redefining portuges shorthand "|
(babel)             in language  on input line 1604.
 [57 <./Pictures/local04.png>] <Pictures/local02.png, id=1133, 1305.87875pt x 7
46.79pt>
File: Pictures/local02.png Graphic file (type png)

<use Pictures/local02.png>
Package pdftex.def Info: Pictures/local02.png used on input line 1617.
(pdftex.def)             Requested size: 398.38567pt x 227.82188pt.

Underfull \vbox (badness 10000) has occurred while \output is active []

Package babel Info: Redefining portuges shorthand "|
(babel)             in language  on input line 1621.
Package babel Info: Redefining portuges shorthand "|
(babel)             in language  on input line 1621.
 [58 <./Pictures/local01.png>] <Pictures/local03.png, id=1148, 1305.87875pt x 7
46.79pt>
File: Pictures/local03.png Graphic file (type png)

<use Pictures/local03.png>
Package pdftex.def Info: Pictures/local03.png used on input line 1624.
(pdftex.def)             Requested size: 398.38567pt x 227.82188pt.
Package babel Info: Redefining portuges shorthand "|
(babel)             in language  on input line 1630.
Package babel Info: Redefining portuges shorthand "|
(babel)             in language  on input line 1630.
 [59 <./Pictures/local02.png> <./Pictures/local03.png>] <Pictures/local05.png, 
id=1155, 1305.87875pt x 746.79pt>
File: Pictures/local05.png Graphic file (type png)

<use Pictures/local05.png>
Package pdftex.def Info: Pictures/local05.png used on input line 1636.
(pdftex.def)             Requested size: 398.38567pt x 227.82188pt.
Package babel Info: Redefining portuges shorthand "|
(babel)             in language  on input line 1642.
Package babel Info: Redefining portuges shorthand "|
(babel)             in language  on input line 1642.
 [60 <./Pictures/local05.png>]
Cap\'{\i }tulo 5.
Package babel Info: Redefining portuges shorthand "|
(babel)             in language  on input line 1643.
Package babel Info: Redefining portuges shorthand "|
(babel)             in language  on input line 1647.
File: Pictures/placeholder.jpg Graphic file (type jpg)
<use Pictures/placeholder.jpg>
Package pdftex.def Info: Pictures/placeholder.jpg used on input line 1651.
(pdftex.def)             Requested size: 398.38567pt x 219.69748pt.

Underfull \vbox (badness 10000) has occurred while \output is active []

Package babel Info: Redefining portuges shorthand "|
(babel)             in language  on input line 1656.
Package babel Info: Redefining portuges shorthand "|
(babel)             in language  on input line 1656.
 [61


]
Package babel Info: Redefining portuges shorthand "|
(babel)             in language  on input line 1658.
Package babel Info: Redefining portuges shorthand "|
(babel)             in language  on input line 1661.
Package babel Info: Redefining portuges shorthand "|
(babel)             in language  on input line 1661.

[62]
Cap\'{\i }tulo 6.
Package babel Info: Redefining portuges shorthand "|
(babel)             in language  on input line 1662.
Package babel Info: Redefining portuges shorthand "|
(babel)             in language  on input line 1666.
Package babel Info: Redefining portuges shorthand "|
(babel)             in language  on input line 1667.
Package babel Info: Redefining portuges shorthand "|
(babel)             in language  on input line 1677.
File: Pictures/placeholder.jpg Graphic file (type jpg)
<use Pictures/placeholder.jpg>
Package pdftex.def Info: Pictures/placeholder.jpg used on input line 1683.
(pdftex.def)             Requested size: 398.38567pt x 219.69748pt.
Package babel Info: Redefining portuges shorthand "|
(babel)             in language  on input line 1687.
Package babel Info: Redefining portuges shorthand "|
(babel)             in language  on input line 1687.
 [63


]
Package babel Info: Redefining portuges shorthand "|
(babel)             in language  on input line 1692.
Package babel Info: Redefining portuges shorthand "|
(babel)             in language  on input line 1692.
 [64]
Package babel Info: Redefining portuges shorthand "|
(babel)             in language  on input line 1696.
Package babel Info: Redefining portuges shorthand "|
(babel)             in language  on input line 1717.
Package babel Info: Redefining portuges shorthand "|
(babel)             in language  on input line 1717.
 [65]
Package babel Info: Redefining portuges shorthand "|
(babel)             in language  on input line 1721.

<Pictures/futuro01.png, id=1211, 1305.87875pt x 746.79pt>
File: Pictures/futuro01.png Graphic file (type png)

<use Pictures/futuro01.png>
Package pdftex.def Info: Pictures/futuro01.png used on input line 1727.
(pdftex.def)             Requested size: 398.38567pt x 227.82188pt.
File: Pictures/futuro01.png Graphic file (type png)
 <use Pictures/futuro01.png>
Package pdftex.def Info: Pictures/futuro01.png used on input line 1734.
(pdftex.def)             Requested size: 398.38567pt x 227.82188pt.
File: Pictures/futuro01.png Graphic file (type png)

<use Pictures/futuro01.png>
Package pdftex.def Info: Pictures/futuro01.png used on input line 1741.
(pdftex.def)             Requested size: 398.38567pt x 227.82188pt.
Package babel Info: Redefining portuges shorthand "|
(babel)             in language  on input line 1745.
Package babel Info: Redefining portuges shorthand "|
(babel)             in language  on input line 1745.
 [66 <./Pictures/futuro01.png>]
File: Pictures/futuro01.png Graphic file (type png)

<use Pictures/futuro01.png>
Package pdftex.def Info: Pictures/futuro01.png used on input line 1749.
(pdftex.def)             Requested size: 398.38567pt x 227.82188pt.
Package babel Info: Redefining portuges shorthand "|
(babel)             in language  on input line 1753.
Package babel Info: Redefining portuges shorthand "|
(babel)             in language  on input line 1753.
 [67]
Package babel Info: Redefining portuges shorthand "|
(babel)             in language  on input line 1757.
File: Pictures/placeholder.jpg Graphic file (type jpg)
 <use Pictures/placeholder.jpg>
Package pdftex.def Info: Pictures/placeholder.jpg used on input line 1761.
(pdftex.def)             Requested size: 398.38567pt x 219.69748pt.

Underfull \vbox (badness 10000) has occurred while \output is active []

Package babel Info: Redefining portuges shorthand "|
(babel)             in language  on input line 1766.
Package babel Info: Redefining portuges shorthand "|
(babel)             in language  on input line 1766.
 [68]
<Pictures/futuro02.png, id=1228, 1305.87875pt x 746.79pt>
File: Pictures/futuro02.png Graphic file (type png)

<use Pictures/futuro02.png>
Package pdftex.def Info: Pictures/futuro02.png used on input line 1769.
(pdftex.def)             Requested size: 398.38567pt x 227.82188pt.

Underfull \vbox (badness 10000) has occurred while \output is active []

Package babel Info: Redefining portuges shorthand "|
(babel)             in language  on input line 1774.
Package babel Info: Redefining portuges shorthand "|
(babel)             in language  on input line 1774.
 [69]
File: Pictures/placeholder.jpg Graphic file (type jpg)

<use Pictures/placeholder.jpg>
Package pdftex.def Info: Pictures/placeholder.jpg used on input line 1777.
(pdftex.def)             Requested size: 398.38567pt x 219.69748pt.
Package babel Info: Redefining portuges shorthand "|
(babel)             in language  on input line 1783.
Package babel Info: Redefining portuges shorthand "|
(babel)             in language  on input line 1783.
 [70 <./Pictures/futuro02.png>]
Package babel Info: Redefining portuges shorthand "|
(babel)             in language  on input line 1787.
Package babel Info: Redefining portuges shorthand "|
(babel)             in language  on input line 1787.
 [71]
Package babel Info: Redefining portuges shorthand "|
(babel)             in language  on input line 1787.
Package babel Info: Redefining portuges shorthand "|
(babel)             in language  on input line 1787.
 [72

]
(./example.bbl
Package babel Info: Redefining portuges shorthand "|
(babel)             in language  on input line 1.

Underfull \hbox (badness 6078) in paragraph at lines 7--11
[]\T1/cmr/m/n/10.95 moldagem in Di-ci-o-n-rio in-fo-p-dia da Ln-gua Por-tu-g
uesa [em li-nha]. Porto:
 []


Underfull \hbox (badness 1590) in paragraph at lines 7--11
\T1/cmr/m/n/10.95 Porto Edi-tora, 2003-2018. [con-sult. 2018-05-22 18:20:35]. D
is-po-n-vel na In-ter-net:
 []


Underfull \hbox (badness 1389) in paragraph at lines 13--17
[]\T1/cmr/m/n/10.95 moldar in Di-ci-o-n-rio in-fo-p-dia da Ln-gua Por-tu-gue
sa [em li-nha]. Porto: Porto
 []


Underfull \hbox (badness 10000) in paragraph at lines 13--17
\T1/cmr/m/n/10.95 Edi-tora, 2003-2018. [con-sult. 2018-05-22 18:21:22]. Dis-po-
n-vel na In-ter-net:
 []


Underfull \hbox (badness 1852) in paragraph at lines 19--23
[]\T1/cmr/m/n/10.95 molde in Di-ci-o-n-rio in-fo-p-dia da Ln-gua Por-tu-gues
a [em li-nha]. Porto: Porto
 []


Underfull \hbox (badness 10000) in paragraph at lines 19--23
\T1/cmr/m/n/10.95 Edi-tora, 2003-2018. [con-sult. 2018-05-22 16:51:33]. Dis-po-
n-vel na In-ter-net:
 []

Package babel Info: Redefining portuges shorthand "|
(babel)             in language  on input line 78.
Package babel Info: Redefining portuges shorthand "|
(babel)             in language  on input line 78.
[73

]
Underfull \hbox (badness 1264) in paragraph at lines 94--98
[]\T1/cmr/m/n/10.95 base de da-dos in Di-ci-o-n-rio in-fo-p-dia da Ln-gua Po
r-tu-guesa [em li-nha]. Porto:
 []


Underfull \hbox (badness 1590) in paragraph at lines 94--98
\T1/cmr/m/n/10.95 Porto Edi-tora, 2003-2018. [con-sult. 2018-05-31 18:24:13]. D
is-po-n-vel na In-ter-net:
 []

)
Package babel Info: Redefining portuges shorthand "|
(babel)             in language  on input line 1818.
Package babel Info: Redefining portuges shorthand "|
(babel)             in language  on input line 1818.
 [74]
Ap\^endice A.
Package babel Info: Redefining portuges shorthand "|
(babel)             in language  on input line 1820.

Underfull \vbox (badness 10000) has occurred while \output is active []

Package babel Info: Redefining portuges shorthand "|
(babel)             in language  on input line 1900.
Package babel Info: Redefining portuges shorthand "|
(babel)             in language  on input line 1900.
 [75


]
Underfull \vbox (badness 10000) has occurred while \output is active []

Package babel Info: Redefining portuges shorthand "|
(babel)             in language  on input line 1979.
Package babel Info: Redefining portuges shorthand "|
(babel)             in language  on input line 1979.
 [76]
Underfull \vbox (badness 10000) has occurred while \output is active []

Package babel Info: Redefining portuges shorthand "|
(babel)             in language  on input line 1980.
Package babel Info: Redefining portuges shorthand "|
(babel)             in language  on input line 1980.
 [77]
Package babel Info: Redefining portuges shorthand "|
(babel)             in language  on input line 1981.
Package babel Info: Redefining portuges shorthand "|
(babel)             in language  on input line 1981.

[78]
Package atveryend Info: Empty hook `BeforeClearDocument' on input line 1983.
Package atveryend Info: Empty hook `AfterLastShipout' on input line 1983.
 (./example.aux)
Package atveryend Info: Executing hook `AtVeryEndDocument' on input line 1983.
Package atveryend Info: Empty hook `AtEndAfterFileList' on input line 1983.
Package atveryend Info: Empty hook `AtVeryVeryEnd' on input line 1983.
 ) 
Here is how much of TeX's memory you used:
 12953 strings out of 494929
 188854 string characters out of 6180142
 314840 words of memory out of 5000000
 15435 multiletter control sequences out of 15000+600000
 28483 words of font info for 61 fonts, out of 8000000 for 9000
 16 hyphenation exceptions out of 8191
 42i,16n,51p,1456b,1835s stack positions out of 5000i,500n,10000p,200000b,80000s
 </home/sapofree/.texmf-var/fonts/pk/ljfour/jknappen/ec/ecrm0800.600pk> </hom
e/sapofree/.texmf-var/fonts/pk/ljfour/jknappen/ec/ecbi1095.600pk>{/usr/share/te
xlive/texmf-dist/fonts/enc/dvips/base/8r.enc} </home/sapofree/.texmf-var/fonts/
pk/ljfour/jknappen/ec/ecbi1200.600pk> </home/sapofree/.texmf-var/fonts/pk/ljfou
r/jknappen/ec/ecti1000.600pk> </home/sapofree/.texmf-var/fonts/pk/ljfour/jknapp
en/ec/ecbi1440.600pk> </home/sapofree/.texmf-var/fonts/pk/ljfour/jknappen/ec/ec
rm1000.600pk> </home/sapofree/.texmf-var/fonts/pk/ljfour/jknappen/ec/ecbx1200.6
00pk> </home/sapofree/.texmf-var/fonts/pk/ljfour/jknappen/ec/ecbx1440.600pk> </
home/sapofree/.texmf-var/fonts/pk/ljfour/jknappen/ec/ecbx2074.600pk> </home/sap
ofree/.texmf-var/fonts/pk/ljfour/jknappen/ec/ecti1095.600pk> </home/sapofree/.t
exmf-var/fonts/pk/ljfour/jknappen/ec/ecrm1095.600pk> </home/sapofree/.texmf-var
/fonts/pk/ljfour/jknappen/ec/ecbx1095.600pk> </home/sapofree/.texmf-var/fonts/p
k/ljfour/jknappen/ec/ecbx2488.600pk> </home/sapofree/.texmf-var/fonts/pk/ljfour
/jknappen/ec/ecsi1095.600pk> </home/sapofree/.texmf-var/fonts/pk/ljfour/jknappe
n/ec/ecss1000.600pk> </home/sapofree/.texmf-var/fonts/pk/ljfour/jknappen/ec/ecs
x1440.600pk> </home/sapofree/.texmf-var/fonts/pk/ljfour/jknappen/ec/ecsx2488.60
0pk> </home/sapofree/.texmf-var/fonts/pk/ljfour/jknappen/ec/ecss1095.600pk> </h
ome/sapofree/.texmf-var/fonts/pk/ljfour/jknappen/ec/ecsx1095.600pk></usr/share/
texlive/texmf-dist/fonts/type1/public/amsfonts/cm/cmmi10.pfb></usr/share/texliv
e/texmf-dist/fonts/type1/public/amsfonts/cm/cmr10.pfb></usr/share/texlive/texmf
-dist/fonts/type1/public/amsfonts/cm/cmsy10.pfb></usr/share/texlive/texmf-dist/
fonts/type1/urw/courier/ucrb8a.pfb></usr/share/texlive/texmf-dist/fonts/type1/u
rw/courier/ucrr8a.pfb>
Output written on example.pdf (94 pages, 3523155 bytes).
PDF statistics:
 2268 PDF objects out of 2487 (max. 8388607)
 1379 compressed objects within 14 object streams
 517 named destinations out of 1000 (max. 500000)
 721 words of extra memory for PDF output out of 10000 (max. 10000000)

