mktextfm ecrm1095
mktextfm ecss1095
mktextfm ecsx1095
mktextfm ecrm2488
mktextfm ecss2488
mktextfm ecsx2488
mktextfm ecrm1440
mktextfm ecss1440
mktextfm ecsx1440
mktextfm ecss1000
mktextfm ecbx2488
mktextfm ecrm2074
mktextfm ecbx2074
mktextfm ecbx1440
mktextfm ecrm1200
mktextfm ecbx1200
mktextfm ecbx1095
mktextfm ecti1095
mktextfm ecrm1095
mktextfm ecss1095
mktextfm ecsx1095
mktextfm ecrm2488
mktextfm ecss2488
mktextfm ecsx2488
mktextfm ecrm1440
mktextfm ecss1440
mktextfm ecsx1440
mktextfm ecss1000
mktextfm ecbx2488
mktextfm ecrm2074
mktextfm ecbx2074
mktextfm ecbx1440
mktextfm ecrm1200
mktextfm ecbx1200
mktextfm ecbx1095
mktextfm ecti1095
mktextfm ecrm1095
mktextfm ecss1095
mktextfm ecsx1095
mktextfm ecrm2488
mktextfm ecss2488
mktextfm ecsx2488
mktextfm ecrm1440
mktextfm ecss1440
mktextfm ecsx1440
mktextfm ecss1000
mktextfm ecbx2488
mktextfm ecbx1095
mktextfm ecrm2074
mktextfm ecbx2074
mktextfm ecbx1440
mktextfm ecrm1200
mktextfm ecbx1200
mktextfm ecti1095
mktextfm ecrm1095
mktextfm ecss1095
mktextfm ecsx1095
mktextfm ecrm2488
mktextfm ecss2488
mktextfm ecsx2488
mktextfm ecrm1440
mktextfm ecss1440
mktextfm ecsx1440
mktextfm ecss1000
mktextfm ecbx2488
mktextfm ecbx1095
mktextfm ecrm2074
mktextfm ecbx2074
mktextfm ecbx1440
mktextfm ecrm1200
mktextfm ecbx1200
mktextfm ecti1095
mktextfm ecrm1095
mktextfm ecss1095
mktextfm ecsx1095
mktextfm ecrm2488
mktextfm ecss2488
mktextfm ecsx2488
mktextfm ecrm1440
mktextfm ecss1440
mktextfm ecsx1440
mktextfm ecss1000
mktextfm ecbx2488
mktextfm ecbx1095
mktextfm ecrm2074
mktextfm ecbx2074
mktextfm ecbx1440
mktextfm ecrm1200
mktextfm ecbx1200
mktextfm ecti1095
mktextfm ecrm1095
mktextfm ecbx1095
mktextfm ecrm1000
mktextfm ecrm2488
mktextfm ecbx2488
mktextfm ecrm2074
mktextfm ecbx2074
mktextfm ecrm1440
mktextfm ecbx1440
mktextfm ecrm1200
mktextfm ecbx1200
mktextfm ecti1095
mktextfm ecrm1095
mktextfm ecss1095
mktextfm ecsx1095
mktextfm ecrm2488
mktextfm ecss2488
mktextfm ecsx2488
mktextfm ecrm1440
mktextfm ecss1440
mktextfm ecsx1440
mktextfm ecss1000
mktextfm ecbx2488
mktextfm ecbx1095
mktextfm ecti1095
mktextfm ecrm2074
mktextfm ecbx2074
mktextfm ecbx1440
mktextfm ecrm1200
mktextfm ecbx1200
mktextfm ecbi1200
